{"C:\\Users\\rrebucas\\FAHM-Server\\src\\app.js": {"path":"C:\\Users\\rrebucas\\FAHM-Server\\src\\app.js","statementMap":{"0":{"start":{"line":1,"column":16},"end":{"line":1,"column":34}},"1":{"start":{"line":2,"column":13},"end":{"line":2,"column":28}},"2":{"start":{"line":3,"column":15},"end":{"line":3,"column":32}},"3":{"start":{"line":4,"column":15},"end":{"line":4,"column":32}},"4":{"start":{"line":5,"column":18},"end":{"line":5,"column":47}},"5":{"start":{"line":6,"column":23},"end":{"line":6,"column":38}},"6":{"start":{"line":7,"column":15},"end":{"line":7,"column":34}},"7":{"start":{"line":8,"column":35},"end":{"line":8,"column":64}},"8":{"start":{"line":9,"column":20},"end":{"line":9,"column":47}},"9":{"start":{"line":10,"column":15},"end":{"line":10,"column":40}},"10":{"start":{"line":11,"column":21},"end":{"line":11,"column":44}},"11":{"start":{"line":13,"column":12},"end":{"line":13,"column":21}},"12":{"start":{"line":15,"column":0},"end":{"line":15,"column":28}},"13":{"start":{"line":17,"column":0},"end":{"line":17,"column":18}},"14":{"start":{"line":18,"column":23},"end":{"line":21,"column":18}},"15":{"start":{"line":20,"column":14},"end":{"line":20,"column":22}},"16":{"start":{"line":22,"column":20},"end":{"line":32,"column":1}},"17":{"start":{"line":26,"column":8},"end":{"line":28,"column":9}},"18":{"start":{"line":27,"column":10},"end":{"line":27,"column":40}},"19":{"start":{"line":29,"column":8},"end":{"line":29,"column":58}},"20":{"start":{"line":33,"column":0},"end":{"line":33,"column":27}},"21":{"start":{"line":34,"column":0},"end":{"line":34,"column":40}},"22":{"start":{"line":35,"column":0},"end":{"line":35,"column":49}},"23":{"start":{"line":36,"column":0},"end":{"line":36,"column":23}},"24":{"start":{"line":39,"column":0},"end":{"line":44,"column":3}},"25":{"start":{"line":40,"column":2},"end":{"line":40,"column":51}},"26":{"start":{"line":41,"column":2},"end":{"line":41,"column":40}},"27":{"start":{"line":42,"column":2},"end":{"line":42,"column":48}},"28":{"start":{"line":43,"column":2},"end":{"line":43,"column":16}},"29":{"start":{"line":46,"column":0},"end":{"line":46,"column":61}},"30":{"start":{"line":46,"column":33},"end":{"line":46,"column":59}},"31":{"start":{"line":49,"column":0},"end":{"line":52,"column":4}},"32":{"start":{"line":53,"column":0},"end":{"line":56,"column":3}},"33":{"start":{"line":54,"column":2},"end":{"line":54,"column":52}},"34":{"start":{"line":55,"column":2},"end":{"line":55,"column":24}},"35":{"start":{"line":58,"column":0},"end":{"line":58,"column":27}},"36":{"start":{"line":60,"column":0},"end":{"line":60,"column":18}},"37":{"start":{"line":61,"column":0},"end":{"line":61,"column":22}},"38":{"start":{"line":63,"column":0},"end":{"line":63,"column":21}}},"fnMap":{"0":{"name":"(anonymous_0)","decl":{"start":{"line":20,"column":7},"end":{"line":20,"column":8}},"loc":{"start":{"line":20,"column":14},"end":{"line":20,"column":22}},"line":20},"1":{"name":"(anonymous_1)","decl":{"start":{"line":25,"column":6},"end":{"line":25,"column":7}},"loc":{"start":{"line":25,"column":28},"end":{"line":30,"column":7}},"line":25},"2":{"name":"(anonymous_2)","decl":{"start":{"line":39,"column":8},"end":{"line":39,"column":9}},"loc":{"start":{"line":39,"column":28},"end":{"line":44,"column":1}},"line":39},"3":{"name":"(anonymous_3)","decl":{"start":{"line":46,"column":19},"end":{"line":46,"column":20}},"loc":{"start":{"line":46,"column":33},"end":{"line":46,"column":59}},"line":46},"4":{"name":"(anonymous_4)","decl":{"start":{"line":53,"column":26},"end":{"line":53,"column":27}},"loc":{"start":{"line":53,"column":40},"end":{"line":56,"column":1}},"line":53}},"branchMap":{"0":{"loc":{"start":{"line":18,"column":24},"end":{"line":18,"column":51}},"type":"binary-expr","locations":[{"start":{"line":18,"column":24},"end":{"line":18,"column":44}},{"start":{"line":18,"column":48},"end":{"line":18,"column":51}}],"line":18},"1":{"loc":{"start":{"line":23,"column":10},"end":{"line":30,"column":7}},"type":"cond-expr","locations":[{"start":{"line":24,"column":6},"end":{"line":24,"column":9}},{"start":{"line":25,"column":6},"end":{"line":30,"column":7}}],"line":23},"2":{"loc":{"start":{"line":26,"column":8},"end":{"line":28,"column":9}},"type":"if","locations":[{"start":{"line":26,"column":8},"end":{"line":28,"column":9}},{"start":{},"end":{}}],"line":26},"3":{"loc":{"start":{"line":26,"column":12},"end":{"line":26,"column":54}},"type":"binary-expr","locations":[{"start":{"line":26,"column":12},"end":{"line":26,"column":19}},{"start":{"line":26,"column":23},"end":{"line":26,"column":54}}],"line":26},"4":{"loc":{"start":{"line":40,"column":11},"end":{"line":40,"column":50}},"type":"binary-expr","locations":[{"start":{"line":40,"column":11},"end":{"line":40,"column":38}},{"start":{"line":40,"column":42},"end":{"line":40,"column":50}}],"line":40}},"s":{"0":1,"1":1,"2":1,"3":1,"4":1,"5":1,"6":1,"7":1,"8":1,"9":1,"10":1,"11":1,"12":1,"13":1,"14":1,"15":1,"16":1,"17":0,"18":0,"19":0,"20":1,"21":1,"22":1,"23":1,"24":1,"25":2,"26":2,"27":2,"28":2,"29":1,"30":1,"31":1,"32":1,"33":0,"34":0,"35":1,"36":1,"37":1,"38":1},"f":{"0":1,"1":0,"2":2,"3":1,"4":0},"b":{"0":[1,0],"1":[1,0],"2":[0,0],"3":[0,0],"4":[2,2]},"_coverageSchema":"1a1c01bbd47fc00a2c39e90264f33305004495a9","hash":"1b63eb58b598f49f3db35c6747a802db1aa369f4"}
,"C:\\Users\\rrebucas\\FAHM-Server\\src\\controllers\\authController.js": {"path":"C:\\Users\\rrebucas\\FAHM-Server\\src\\controllers\\authController.js","statementMap":{"0":{"start":{"line":1,"column":29},"end":{"line":1,"column":57}},"1":{"start":{"line":2,"column":20},"end":{"line":2,"column":42}},"2":{"start":{"line":3,"column":13},"end":{"line":3,"column":38}},"3":{"start":{"line":4,"column":21},"end":{"line":4,"column":56}},"4":{"start":{"line":5,"column":28},"end":{"line":5,"column":70}},"5":{"start":{"line":6,"column":18},"end":{"line":6,"column":43}},"6":{"start":{"line":7,"column":27},"end":{"line":7,"column":53}},"7":{"start":{"line":8,"column":21},"end":{"line":8,"column":45}},"8":{"start":{"line":10,"column":27},"end":{"line":16,"column":1}},"9":{"start":{"line":11,"column":18},"end":{"line":11,"column":35}},"10":{"start":{"line":12,"column":2},"end":{"line":15,"column":4}},"11":{"start":{"line":18,"column":0},"end":{"line":66,"column":2}},"12":{"start":{"line":19,"column":2},"end":{"line":65,"column":3}},"13":{"start":{"line":20,"column":19},"end":{"line":20,"column":40}},"14":{"start":{"line":21,"column":4},"end":{"line":23,"column":5}},"15":{"start":{"line":22,"column":6},"end":{"line":22,"column":64}},"16":{"start":{"line":24,"column":51},"end":{"line":24,"column":59}},"17":{"start":{"line":26,"column":4},"end":{"line":44,"column":5}},"18":{"start":{"line":27,"column":23},"end":{"line":27,"column":62}},"19":{"start":{"line":28,"column":6},"end":{"line":30,"column":7}},"20":{"start":{"line":29,"column":8},"end":{"line":29,"column":66}},"21":{"start":{"line":31,"column":22},"end":{"line":31,"column":89}},"22":{"start":{"line":32,"column":19},"end":{"line":32,"column":50}},"23":{"start":{"line":33,"column":20},"end":{"line":33,"column":43}},"24":{"start":{"line":34,"column":38},"end":{"line":37,"column":8}},"25":{"start":{"line":38,"column":6},"end":{"line":38,"column":91}},"26":{"start":{"line":39,"column":6},"end":{"line":43,"column":9}},"27":{"start":{"line":46,"column":21},"end":{"line":46,"column":50}},"28":{"start":{"line":47,"column":4},"end":{"line":49,"column":5}},"29":{"start":{"line":48,"column":6},"end":{"line":48,"column":64}},"30":{"start":{"line":50,"column":17},"end":{"line":50,"column":74}},"31":{"start":{"line":51,"column":18},"end":{"line":51,"column":41}},"32":{"start":{"line":52,"column":36},"end":{"line":55,"column":6}},"33":{"start":{"line":56,"column":4},"end":{"line":56,"column":101}},"34":{"start":{"line":57,"column":4},"end":{"line":61,"column":7}},"35":{"start":{"line":63,"column":4},"end":{"line":63,"column":103}},"36":{"start":{"line":64,"column":4},"end":{"line":64,"column":21}},"37":{"start":{"line":68,"column":0},"end":{"line":113,"column":2}},"38":{"start":{"line":69,"column":2},"end":{"line":112,"column":3}},"39":{"start":{"line":70,"column":19},"end":{"line":70,"column":40}},"40":{"start":{"line":71,"column":4},"end":{"line":73,"column":5}},"41":{"start":{"line":72,"column":6},"end":{"line":72,"column":64}},"42":{"start":{"line":74,"column":32},"end":{"line":74,"column":40}},"43":{"start":{"line":76,"column":4},"end":{"line":92,"column":5}},"44":{"start":{"line":77,"column":19},"end":{"line":77,"column":85}},"45":{"start":{"line":78,"column":6},"end":{"line":78,"column":70}},"46":{"start":{"line":78,"column":17},"end":{"line":78,"column":70}},"47":{"start":{"line":79,"column":20},"end":{"line":79,"column":85}},"48":{"start":{"line":80,"column":6},"end":{"line":80,"column":71}},"49":{"start":{"line":80,"column":18},"end":{"line":80,"column":71}},"50":{"start":{"line":81,"column":20},"end":{"line":81,"column":43}},"51":{"start":{"line":82,"column":38},"end":{"line":85,"column":8}},"52":{"start":{"line":86,"column":6},"end":{"line":86,"column":88}},"53":{"start":{"line":87,"column":6},"end":{"line":91,"column":9}},"54":{"start":{"line":94,"column":17},"end":{"line":94,"column":66}},"55":{"start":{"line":95,"column":4},"end":{"line":95,"column":68}},"56":{"start":{"line":95,"column":15},"end":{"line":95,"column":68}},"57":{"start":{"line":96,"column":18},"end":{"line":96,"column":54}},"58":{"start":{"line":97,"column":4},"end":{"line":97,"column":69}},"59":{"start":{"line":97,"column":16},"end":{"line":97,"column":69}},"60":{"start":{"line":98,"column":18},"end":{"line":98,"column":41}},"61":{"start":{"line":99,"column":36},"end":{"line":102,"column":6}},"62":{"start":{"line":103,"column":4},"end":{"line":103,"column":98}},"63":{"start":{"line":104,"column":4},"end":{"line":108,"column":7}},"64":{"start":{"line":110,"column":4},"end":{"line":110,"column":100}},"65":{"start":{"line":111,"column":4},"end":{"line":111,"column":21}},"66":{"start":{"line":115,"column":0},"end":{"line":148,"column":2}},"67":{"start":{"line":116,"column":2},"end":{"line":147,"column":3}},"68":{"start":{"line":117,"column":19},"end":{"line":117,"column":40}},"69":{"start":{"line":118,"column":4},"end":{"line":120,"column":5}},"70":{"start":{"line":119,"column":6},"end":{"line":119,"column":64}},"71":{"start":{"line":121,"column":29},"end":{"line":121,"column":37}},"72":{"start":{"line":122,"column":21},"end":{"line":125,"column":6}},"73":{"start":{"line":127,"column":4},"end":{"line":135,"column":5}},"74":{"start":{"line":128,"column":19},"end":{"line":128,"column":65}},"75":{"start":{"line":129,"column":6},"end":{"line":131,"column":7}},"76":{"start":{"line":130,"column":8},"end":{"line":130,"column":56}},"77":{"start":{"line":132,"column":20},"end":{"line":132,"column":43}},"78":{"start":{"line":133,"column":6},"end":{"line":133,"column":109}},"79":{"start":{"line":134,"column":6},"end":{"line":134,"column":70}},"80":{"start":{"line":137,"column":17},"end":{"line":137,"column":53}},"81":{"start":{"line":138,"column":4},"end":{"line":140,"column":5}},"82":{"start":{"line":139,"column":6},"end":{"line":139,"column":54}},"83":{"start":{"line":141,"column":18},"end":{"line":141,"column":41}},"84":{"start":{"line":142,"column":4},"end":{"line":142,"column":107}},"85":{"start":{"line":143,"column":4},"end":{"line":143,"column":68}},"86":{"start":{"line":145,"column":4},"end":{"line":145,"column":102}},"87":{"start":{"line":146,"column":4},"end":{"line":146,"column":21}},"88":{"start":{"line":150,"column":0},"end":{"line":190,"column":2}},"89":{"start":{"line":151,"column":2},"end":{"line":189,"column":3}},"90":{"start":{"line":152,"column":19},"end":{"line":152,"column":40}},"91":{"start":{"line":153,"column":4},"end":{"line":155,"column":5}},"92":{"start":{"line":154,"column":6},"end":{"line":154,"column":64}},"93":{"start":{"line":157,"column":4},"end":{"line":159,"column":5}},"94":{"start":{"line":158,"column":6},"end":{"line":158,"column":63}},"95":{"start":{"line":161,"column":26},"end":{"line":161,"column":48}},"96":{"start":{"line":162,"column":25},"end":{"line":162,"column":48}},"97":{"start":{"line":164,"column":4},"end":{"line":176,"column":5}},"98":{"start":{"line":165,"column":25},"end":{"line":169,"column":7}},"99":{"start":{"line":170,"column":6},"end":{"line":172,"column":7}},"100":{"start":{"line":171,"column":8},"end":{"line":171,"column":63}},"101":{"start":{"line":173,"column":6},"end":{"line":173,"column":69}},"102":{"start":{"line":175,"column":6},"end":{"line":175,"column":85}},"103":{"start":{"line":177,"column":4},"end":{"line":184,"column":6}},"104":{"start":{"line":185,"column":4},"end":{"line":185,"column":34}},"105":{"start":{"line":187,"column":4},"end":{"line":187,"column":101}},"106":{"start":{"line":188,"column":4},"end":{"line":188,"column":21}}},"fnMap":{"0":{"name":"(anonymous_0)","decl":{"start":{"line":10,"column":27},"end":{"line":10,"column":28}},"loc":{"start":{"line":10,"column":41},"end":{"line":16,"column":1}},"line":10},"1":{"name":"(anonymous_1)","decl":{"start":{"line":18,"column":19},"end":{"line":18,"column":20}},"loc":{"start":{"line":18,"column":45},"end":{"line":66,"column":1}},"line":18},"2":{"name":"(anonymous_2)","decl":{"start":{"line":68,"column":16},"end":{"line":68,"column":17}},"loc":{"start":{"line":68,"column":42},"end":{"line":113,"column":1}},"line":68},"3":{"name":"(anonymous_3)","decl":{"start":{"line":115,"column":18},"end":{"line":115,"column":19}},"loc":{"start":{"line":115,"column":44},"end":{"line":148,"column":1}},"line":115},"4":{"name":"(anonymous_4)","decl":{"start":{"line":150,"column":17},"end":{"line":150,"column":18}},"loc":{"start":{"line":150,"column":43},"end":{"line":190,"column":1}},"line":150}},"branchMap":{"0":{"loc":{"start":{"line":10,"column":28},"end":{"line":10,"column":36}},"type":"default-arg","locations":[{"start":{"line":10,"column":34},"end":{"line":10,"column":36}}],"line":10},"1":{"loc":{"start":{"line":11,"column":18},"end":{"line":11,"column":35}},"type":"binary-expr","locations":[{"start":{"line":11,"column":18},"end":{"line":11,"column":29}},{"start":{"line":11,"column":33},"end":{"line":11,"column":35}}],"line":11},"2":{"loc":{"start":{"line":14,"column":15},"end":{"line":14,"column":61}},"type":"binary-expr","locations":[{"start":{"line":14,"column":15},"end":{"line":14,"column":36}},{"start":{"line":14,"column":40},"end":{"line":14,"column":61}}],"line":14},"3":{"loc":{"start":{"line":21,"column":4},"end":{"line":23,"column":5}},"type":"if","locations":[{"start":{"line":21,"column":4},"end":{"line":23,"column":5}},{"start":{},"end":{}}],"line":21},"4":{"loc":{"start":{"line":26,"column":4},"end":{"line":44,"column":5}},"type":"if","locations":[{"start":{"line":26,"column":4},"end":{"line":44,"column":5}},{"start":{},"end":{}}],"line":26},"5":{"loc":{"start":{"line":28,"column":6},"end":{"line":30,"column":7}},"type":"if","locations":[{"start":{"line":28,"column":6},"end":{"line":30,"column":7}},{"start":{},"end":{}}],"line":28},"6":{"loc":{"start":{"line":47,"column":4},"end":{"line":49,"column":5}},"type":"if","locations":[{"start":{"line":47,"column":4},"end":{"line":49,"column":5}},{"start":{},"end":{}}],"line":47},"7":{"loc":{"start":{"line":71,"column":4},"end":{"line":73,"column":5}},"type":"if","locations":[{"start":{"line":71,"column":4},"end":{"line":73,"column":5}},{"start":{},"end":{}}],"line":71},"8":{"loc":{"start":{"line":76,"column":4},"end":{"line":92,"column":5}},"type":"if","locations":[{"start":{"line":76,"column":4},"end":{"line":92,"column":5}},{"start":{},"end":{}}],"line":76},"9":{"loc":{"start":{"line":78,"column":6},"end":{"line":78,"column":70}},"type":"if","locations":[{"start":{"line":78,"column":6},"end":{"line":78,"column":70}},{"start":{},"end":{}}],"line":78},"10":{"loc":{"start":{"line":80,"column":6},"end":{"line":80,"column":71}},"type":"if","locations":[{"start":{"line":80,"column":6},"end":{"line":80,"column":71}},{"start":{},"end":{}}],"line":80},"11":{"loc":{"start":{"line":95,"column":4},"end":{"line":95,"column":68}},"type":"if","locations":[{"start":{"line":95,"column":4},"end":{"line":95,"column":68}},{"start":{},"end":{}}],"line":95},"12":{"loc":{"start":{"line":97,"column":4},"end":{"line":97,"column":69}},"type":"if","locations":[{"start":{"line":97,"column":4},"end":{"line":97,"column":69}},{"start":{},"end":{}}],"line":97},"13":{"loc":{"start":{"line":118,"column":4},"end":{"line":120,"column":5}},"type":"if","locations":[{"start":{"line":118,"column":4},"end":{"line":120,"column":5}},{"start":{},"end":{}}],"line":118},"14":{"loc":{"start":{"line":127,"column":4},"end":{"line":135,"column":5}},"type":"if","locations":[{"start":{"line":127,"column":4},"end":{"line":135,"column":5}},{"start":{},"end":{}}],"line":127},"15":{"loc":{"start":{"line":129,"column":6},"end":{"line":131,"column":7}},"type":"if","locations":[{"start":{"line":129,"column":6},"end":{"line":131,"column":7}},{"start":{},"end":{}}],"line":129},"16":{"loc":{"start":{"line":138,"column":4},"end":{"line":140,"column":5}},"type":"if","locations":[{"start":{"line":138,"column":4},"end":{"line":140,"column":5}},{"start":{},"end":{}}],"line":138},"17":{"loc":{"start":{"line":153,"column":4},"end":{"line":155,"column":5}},"type":"if","locations":[{"start":{"line":153,"column":4},"end":{"line":155,"column":5}},{"start":{},"end":{}}],"line":153},"18":{"loc":{"start":{"line":157,"column":4},"end":{"line":159,"column":5}},"type":"if","locations":[{"start":{"line":157,"column":4},"end":{"line":159,"column":5}},{"start":{},"end":{}}],"line":157},"19":{"loc":{"start":{"line":164,"column":4},"end":{"line":176,"column":5}},"type":"if","locations":[{"start":{"line":164,"column":4},"end":{"line":176,"column":5}},{"start":{"line":174,"column":11},"end":{"line":176,"column":5}}],"line":164},"20":{"loc":{"start":{"line":170,"column":6},"end":{"line":172,"column":7}},"type":"if","locations":[{"start":{"line":170,"column":6},"end":{"line":172,"column":7}},{"start":{},"end":{}}],"line":170},"21":{"loc":{"start":{"line":173,"column":23},"end":{"line":173,"column":68}},"type":"binary-expr","locations":[{"start":{"line":173,"column":23},"end":{"line":173,"column":50}},{"start":{"line":173,"column":54},"end":{"line":173,"column":68}}],"line":173}},"s":{"0":2,"1":2,"2":2,"3":2,"4":2,"5":2,"6":2,"7":2,"8":2,"9":5,"10":5,"11":2,"12":2,"13":2,"14":2,"15":0,"16":2,"17":2,"18":0,"19":0,"20":0,"21":0,"22":0,"23":0,"24":0,"25":0,"26":0,"27":2,"28":2,"29":1,"30":1,"31":1,"32":1,"33":1,"34":1,"35":0,"36":0,"37":2,"38":2,"39":2,"40":2,"41":0,"42":2,"43":2,"44":0,"45":0,"46":0,"47":0,"48":0,"49":0,"50":0,"51":0,"52":0,"53":0,"54":2,"55":2,"56":1,"57":1,"58":1,"59":0,"60":1,"61":1,"62":1,"63":1,"64":0,"65":0,"66":2,"67":1,"68":1,"69":1,"70":0,"71":1,"72":1,"73":1,"74":0,"75":0,"76":0,"77":0,"78":0,"79":0,"80":1,"81":1,"82":0,"83":1,"84":1,"85":1,"86":0,"87":0,"88":2,"89":4,"90":4,"91":4,"92":0,"93":4,"94":1,"95":3,"96":3,"97":3,"98":2,"99":2,"100":1,"101":1,"102":1,"103":2,"104":2,"105":0,"106":0},"f":{"0":5,"1":2,"2":2,"3":1,"4":4},"b":{"0":[0],"1":[5,3],"2":[5,4],"3":[0,2],"4":[0,2],"5":[0,0],"6":[1,1],"7":[0,2],"8":[0,2],"9":[0,0],"10":[0,0],"11":[1,1],"12":[0,1],"13":[0,1],"14":[0,1],"15":[0,0],"16":[0,1],"17":[0,4],"18":[1,3],"19":[2,1],"20":[1,1],"21":[1,0]},"_coverageSchema":"1a1c01bbd47fc00a2c39e90264f33305004495a9","hash":"3b648c956d2665270505fae821ff3af3afbd7245"}
,"C:\\Users\\rrebucas\\FAHM-Server\\src\\controllers\\documentController.js": {"path":"C:\\Users\\rrebucas\\FAHM-Server\\src\\controllers\\documentController.js","statementMap":{"0":{"start":{"line":1,"column":29},"end":{"line":1,"column":57}},"1":{"start":{"line":2,"column":20},"end":{"line":2,"column":42}},"2":{"start":{"line":3,"column":17},"end":{"line":3,"column":46}},"3":{"start":{"line":4,"column":17},"end":{"line":4,"column":46}},"4":{"start":{"line":5,"column":18},"end":{"line":5,"column":43}},"5":{"start":{"line":7,"column":0},"end":{"line":14,"column":2}},"6":{"start":{"line":8,"column":2},"end":{"line":13,"column":3}},"7":{"start":{"line":9,"column":17},"end":{"line":9,"column":102}},"8":{"start":{"line":10,"column":4},"end":{"line":10,"column":26}},"9":{"start":{"line":12,"column":4},"end":{"line":12,"column":21}},"10":{"start":{"line":16,"column":0},"end":{"line":93,"column":2}},"11":{"start":{"line":17,"column":2},"end":{"line":92,"column":3}},"12":{"start":{"line":18,"column":19},"end":{"line":18,"column":40}},"13":{"start":{"line":19,"column":4},"end":{"line":21,"column":5}},"14":{"start":{"line":20,"column":6},"end":{"line":20,"column":64}},"15":{"start":{"line":23,"column":58},"end":{"line":23,"column":66}},"16":{"start":{"line":25,"column":4},"end":{"line":27,"column":5}},"17":{"start":{"line":26,"column":6},"end":{"line":26,"column":69}},"18":{"start":{"line":29,"column":4},"end":{"line":31,"column":5}},"19":{"start":{"line":30,"column":6},"end":{"line":30,"column":65}},"20":{"start":{"line":33,"column":4},"end":{"line":35,"column":5}},"21":{"start":{"line":34,"column":6},"end":{"line":34,"column":85}},"22":{"start":{"line":37,"column":21},"end":{"line":37,"column":59}},"23":{"start":{"line":38,"column":4},"end":{"line":50,"column":5}},"24":{"start":{"line":39,"column":6},"end":{"line":47,"column":8}},"25":{"start":{"line":49,"column":6},"end":{"line":49,"column":44}},"26":{"start":{"line":52,"column":22},"end":{"line":52,"column":32}},"27":{"start":{"line":53,"column":20},"end":{"line":53,"column":24}},"28":{"start":{"line":54,"column":30},"end":{"line":54,"column":108}},"29":{"start":{"line":56,"column":16},"end":{"line":68,"column":6}},"30":{"start":{"line":70,"column":4},"end":{"line":78,"column":6}},"31":{"start":{"line":80,"column":4},"end":{"line":80,"column":37}},"32":{"start":{"line":82,"column":4},"end":{"line":90,"column":6}},"33":{"start":{"line":91,"column":4},"end":{"line":91,"column":21}},"34":{"start":{"line":95,"column":0},"end":{"line":114,"column":2}},"35":{"start":{"line":96,"column":2},"end":{"line":113,"column":3}},"36":{"start":{"line":97,"column":16},"end":{"line":97,"column":54}},"37":{"start":{"line":98,"column":4},"end":{"line":98,"column":66}},"38":{"start":{"line":98,"column":14},"end":{"line":98,"column":66}},"39":{"start":{"line":99,"column":4},"end":{"line":99,"column":26}},"40":{"start":{"line":100,"column":4},"end":{"line":100,"column":21}},"41":{"start":{"line":101,"column":4},"end":{"line":109,"column":6}},"42":{"start":{"line":110,"column":4},"end":{"line":110,"column":25}},"43":{"start":{"line":112,"column":4},"end":{"line":112,"column":21}}},"fnMap":{"0":{"name":"(anonymous_0)","decl":{"start":{"line":7,"column":22},"end":{"line":7,"column":23}},"loc":{"start":{"line":7,"column":48},"end":{"line":14,"column":1}},"line":7},"1":{"name":"(anonymous_1)","decl":{"start":{"line":16,"column":17},"end":{"line":16,"column":18}},"loc":{"start":{"line":16,"column":43},"end":{"line":93,"column":1}},"line":16},"2":{"name":"(anonymous_2)","decl":{"start":{"line":95,"column":21},"end":{"line":95,"column":22}},"loc":{"start":{"line":95,"column":47},"end":{"line":114,"column":1}},"line":95}},"branchMap":{"0":{"loc":{"start":{"line":19,"column":4},"end":{"line":21,"column":5}},"type":"if","locations":[{"start":{"line":19,"column":4},"end":{"line":21,"column":5}},{"start":{},"end":{}}],"line":19},"1":{"loc":{"start":{"line":23,"column":24},"end":{"line":23,"column":36}},"type":"default-arg","locations":[{"start":{"line":23,"column":31},"end":{"line":23,"column":36}}],"line":23},"2":{"loc":{"start":{"line":25,"column":4},"end":{"line":27,"column":5}},"type":"if","locations":[{"start":{"line":25,"column":4},"end":{"line":27,"column":5}},{"start":{},"end":{}}],"line":25},"3":{"loc":{"start":{"line":29,"column":4},"end":{"line":31,"column":5}},"type":"if","locations":[{"start":{"line":29,"column":4},"end":{"line":31,"column":5}},{"start":{},"end":{}}],"line":29},"4":{"loc":{"start":{"line":29,"column":8},"end":{"line":29,"column":59}},"type":"binary-expr","locations":[{"start":{"line":29,"column":8},"end":{"line":29,"column":12}},{"start":{"line":29,"column":16},"end":{"line":29,"column":59}}],"line":29},"5":{"loc":{"start":{"line":33,"column":4},"end":{"line":35,"column":5}},"type":"if","locations":[{"start":{"line":33,"column":4},"end":{"line":35,"column":5}},{"start":{},"end":{}}],"line":33},"6":{"loc":{"start":{"line":38,"column":4},"end":{"line":50,"column":5}},"type":"if","locations":[{"start":{"line":38,"column":4},"end":{"line":50,"column":5}},{"start":{},"end":{}}],"line":38},"7":{"loc":{"start":{"line":98,"column":4},"end":{"line":98,"column":66}},"type":"if","locations":[{"start":{"line":98,"column":4},"end":{"line":98,"column":66}},{"start":{},"end":{}}],"line":98}},"s":{"0":2,"1":2,"2":2,"3":2,"4":2,"5":2,"6":1,"7":1,"8":1,"9":0,"10":2,"11":3,"12":3,"13":3,"14":0,"15":3,"16":3,"17":1,"18":2,"19":0,"20":2,"21":0,"22":2,"23":2,"24":1,"25":1,"26":1,"27":1,"28":1,"29":1,"30":1,"31":1,"32":0,"33":0,"34":2,"35":2,"36":2,"37":2,"38":1,"39":1,"40":1,"41":1,"42":1,"43":0},"f":{"0":1,"1":3,"2":2},"b":{"0":[0,3],"1":[0],"2":[1,2],"3":[0,2],"4":[2,2],"5":[0,2],"6":[1,1],"7":[1,1]},"_coverageSchema":"1a1c01bbd47fc00a2c39e90264f33305004495a9","hash":"def2aa454d12d547cb5cae0a83f111a57ba73689"}
,"C:\\Users\\rrebucas\\FAHM-Server\\src\\middleware\\auth.js": {"path":"C:\\Users\\rrebucas\\FAHM-Server\\src\\middleware\\auth.js","statementMap":{"0":{"start":{"line":1,"column":12},"end":{"line":1,"column":35}},"1":{"start":{"line":2,"column":20},"end":{"line":2,"column":42}},"2":{"start":{"line":3,"column":32},"end":{"line":3,"column":56}},"3":{"start":{"line":4,"column":13},"end":{"line":4,"column":38}},"4":{"start":{"line":5,"column":27},"end":{"line":5,"column":53}},"5":{"start":{"line":6,"column":26},"end":{"line":6,"column":52}},"6":{"start":{"line":7,"column":15},"end":{"line":7,"column":41}},"7":{"start":{"line":10,"column":21},"end":{"line":39,"column":1}},"8":{"start":{"line":11,"column":21},"end":{"line":11,"column":46}},"9":{"start":{"line":12,"column":2},"end":{"line":14,"column":3}},"10":{"start":{"line":13,"column":4},"end":{"line":13,"column":61}},"11":{"start":{"line":16,"column":16},"end":{"line":16,"column":40}},"12":{"start":{"line":17,"column":2},"end":{"line":38,"column":3}},"13":{"start":{"line":18,"column":20},"end":{"line":18,"column":48}},"14":{"start":{"line":20,"column":4},"end":{"line":26,"column":5}},"15":{"start":{"line":21,"column":20},"end":{"line":21,"column":62}},"16":{"start":{"line":22,"column":6},"end":{"line":22,"column":66}},"17":{"start":{"line":22,"column":18},"end":{"line":22,"column":66}},"18":{"start":{"line":23,"column":6},"end":{"line":23,"column":45}},"19":{"start":{"line":25,"column":6},"end":{"line":25,"column":70}},"20":{"start":{"line":28,"column":4},"end":{"line":28,"column":67}},"21":{"start":{"line":28,"column":19},"end":{"line":28,"column":67}},"22":{"start":{"line":29,"column":4},"end":{"line":29,"column":87}},"23":{"start":{"line":29,"column":37},"end":{"line":29,"column":87}},"24":{"start":{"line":30,"column":4},"end":{"line":34,"column":5}},"25":{"start":{"line":31,"column":6},"end":{"line":31,"column":77}},"26":{"start":{"line":33,"column":6},"end":{"line":33,"column":95}},"27":{"start":{"line":35,"column":4},"end":{"line":35,"column":18}},"28":{"start":{"line":37,"column":4},"end":{"line":37,"column":51}},"29":{"start":{"line":42,"column":18},"end":{"line":61,"column":1}},"30":{"start":{"line":42,"column":31},"end":{"line":61,"column":1}},"31":{"start":{"line":43,"column":2},"end":{"line":43,"column":74}},"32":{"start":{"line":43,"column":17},"end":{"line":43,"column":74}},"33":{"start":{"line":45,"column":15},"end":{"line":47,"column":21}},"34":{"start":{"line":49,"column":23},"end":{"line":49,"column":39}},"35":{"start":{"line":50,"column":31},"end":{"line":50,"column":54}},"36":{"start":{"line":52,"column":2},"end":{"line":54,"column":3}},"37":{"start":{"line":53,"column":4},"end":{"line":53,"column":47}},"38":{"start":{"line":56,"column":2},"end":{"line":58,"column":3}},"39":{"start":{"line":56,"column":73},"end":{"line":56,"column":106}},"40":{"start":{"line":57,"column":4},"end":{"line":57,"column":47}},"41":{"start":{"line":60,"column":2},"end":{"line":60,"column":16}},"42":{"start":{"line":63,"column":0},"end":{"line":63,"column":45}}},"fnMap":{"0":{"name":"(anonymous_0)","decl":{"start":{"line":10,"column":21},"end":{"line":10,"column":22}},"loc":{"start":{"line":10,"column":47},"end":{"line":39,"column":1}},"line":10},"1":{"name":"(anonymous_1)","decl":{"start":{"line":42,"column":18},"end":{"line":42,"column":19}},"loc":{"start":{"line":42,"column":31},"end":{"line":61,"column":1}},"line":42},"2":{"name":"(anonymous_2)","decl":{"start":{"line":42,"column":31},"end":{"line":42,"column":32}},"loc":{"start":{"line":42,"column":51},"end":{"line":61,"column":1}},"line":42},"3":{"name":"(anonymous_3)","decl":{"start":{"line":56,"column":64},"end":{"line":56,"column":65}},"loc":{"start":{"line":56,"column":73},"end":{"line":56,"column":106}},"line":56}},"branchMap":{"0":{"loc":{"start":{"line":12,"column":2},"end":{"line":14,"column":3}},"type":"if","locations":[{"start":{"line":12,"column":2},"end":{"line":14,"column":3}},{"start":{},"end":{}}],"line":12},"1":{"loc":{"start":{"line":12,"column":6},"end":{"line":12,"column":54}},"type":"binary-expr","locations":[{"start":{"line":12,"column":6},"end":{"line":12,"column":17}},{"start":{"line":12,"column":21},"end":{"line":12,"column":54}}],"line":12},"2":{"loc":{"start":{"line":20,"column":4},"end":{"line":26,"column":5}},"type":"if","locations":[{"start":{"line":20,"column":4},"end":{"line":26,"column":5}},{"start":{"line":24,"column":11},"end":{"line":26,"column":5}}],"line":20},"3":{"loc":{"start":{"line":22,"column":6},"end":{"line":22,"column":66}},"type":"if","locations":[{"start":{"line":22,"column":6},"end":{"line":22,"column":66}},{"start":{},"end":{}}],"line":22},"4":{"loc":{"start":{"line":28,"column":4},"end":{"line":28,"column":67}},"type":"if","locations":[{"start":{"line":28,"column":4},"end":{"line":28,"column":67}},{"start":{},"end":{}}],"line":28},"5":{"loc":{"start":{"line":29,"column":4},"end":{"line":29,"column":87}},"type":"if","locations":[{"start":{"line":29,"column":4},"end":{"line":29,"column":87}},{"start":{},"end":{}}],"line":29},"6":{"loc":{"start":{"line":30,"column":4},"end":{"line":34,"column":5}},"type":"if","locations":[{"start":{"line":30,"column":4},"end":{"line":34,"column":5}},{"start":{"line":32,"column":11},"end":{"line":34,"column":5}}],"line":30},"7":{"loc":{"start":{"line":30,"column":8},"end":{"line":30,"column":54}},"type":"binary-expr","locations":[{"start":{"line":30,"column":8},"end":{"line":30,"column":15}},{"start":{"line":30,"column":19},"end":{"line":30,"column":54}}],"line":30},"8":{"loc":{"start":{"line":43,"column":2},"end":{"line":43,"column":74}},"type":"if","locations":[{"start":{"line":43,"column":2},"end":{"line":43,"column":74}},{"start":{},"end":{}}],"line":43},"9":{"loc":{"start":{"line":45,"column":15},"end":{"line":47,"column":21}},"type":"cond-expr","locations":[{"start":{"line":46,"column":6},"end":{"line":46,"column":13}},{"start":{"line":47,"column":6},"end":{"line":47,"column":21}}],"line":45},"10":{"loc":{"start":{"line":45,"column":15},"end":{"line":45,"column":90}},"type":"binary-expr","locations":[{"start":{"line":45,"column":15},"end":{"line":45,"column":32}},{"start":{"line":45,"column":36},"end":{"line":45,"column":63}},{"start":{"line":45,"column":67},"end":{"line":45,"column":90}}],"line":45},"11":{"loc":{"start":{"line":49,"column":23},"end":{"line":49,"column":39}},"type":"binary-expr","locations":[{"start":{"line":49,"column":23},"end":{"line":49,"column":33}},{"start":{"line":49,"column":37},"end":{"line":49,"column":39}}],"line":49},"12":{"loc":{"start":{"line":50,"column":31},"end":{"line":50,"column":54}},"type":"binary-expr","locations":[{"start":{"line":50,"column":31},"end":{"line":50,"column":48}},{"start":{"line":50,"column":52},"end":{"line":50,"column":54}}],"line":50},"13":{"loc":{"start":{"line":52,"column":2},"end":{"line":54,"column":3}},"type":"if","locations":[{"start":{"line":52,"column":2},"end":{"line":54,"column":3}},{"start":{},"end":{}}],"line":52},"14":{"loc":{"start":{"line":52,"column":6},"end":{"line":52,"column":66}},"type":"binary-expr","locations":[{"start":{"line":52,"column":6},"end":{"line":52,"column":25}},{"start":{"line":52,"column":29},"end":{"line":52,"column":66}}],"line":52},"15":{"loc":{"start":{"line":56,"column":2},"end":{"line":58,"column":3}},"type":"if","locations":[{"start":{"line":56,"column":2},"end":{"line":58,"column":3}},{"start":{},"end":{}}],"line":56},"16":{"loc":{"start":{"line":56,"column":6},"end":{"line":56,"column":107}},"type":"binary-expr","locations":[{"start":{"line":56,"column":6},"end":{"line":56,"column":33}},{"start":{"line":56,"column":37},"end":{"line":56,"column":107}}],"line":56}},"s":{"0":2,"1":2,"2":2,"3":2,"4":2,"5":2,"6":2,"7":2,"8":5,"9":5,"10":1,"11":4,"12":4,"13":4,"14":3,"15":0,"16":0,"17":0,"18":0,"19":3,"20":3,"21":1,"22":2,"23":1,"24":1,"25":0,"26":1,"27":1,"28":1,"29":2,"30":39,"31":5,"32":1,"33":4,"34":4,"35":4,"36":4,"37":1,"38":3,"39":2,"40":1,"41":2,"42":2},"f":{"0":5,"1":39,"2":5,"3":2},"b":{"0":[1,4],"1":[5,4],"2":[0,3],"3":[0,0],"4":[1,2],"5":[1,1],"6":[0,1],"7":[1,0],"8":[1,4],"9":[2,2],"10":[4,4,2],"11":[4,2],"12":[4,2],"13":[1,3],"14":[4,2],"15":[1,2],"16":[3,2]},"_coverageSchema":"1a1c01bbd47fc00a2c39e90264f33305004495a9","hash":"9b6ac4ba98ca22273a03e628af10e7f5d3a955ae"}
,"C:\\Users\\rrebucas\\FAHM-Server\\src\\middleware\\error.js": {"path":"C:\\Users\\rrebucas\\FAHM-Server\\src\\middleware\\error.js","statementMap":{"0":{"start":{"line":1,"column":15},"end":{"line":1,"column":41}},"1":{"start":{"line":3,"column":17},"end":{"line":6,"column":1}},"2":{"start":{"line":4,"column":2},"end":{"line":4,"column":18}},"3":{"start":{"line":5,"column":2},"end":{"line":5,"column":52}},"4":{"start":{"line":8,"column":21},"end":{"line":24,"column":1}},"5":{"start":{"line":10,"column":17},"end":{"line":10,"column":96}},"6":{"start":{"line":11,"column":21},"end":{"line":11,"column":51}},"7":{"start":{"line":12,"column":2},"end":{"line":18,"column":3}},"8":{"start":{"line":13,"column":4},"end":{"line":13,"column":33}},"9":{"start":{"line":14,"column":4},"end":{"line":14,"column":42}},"10":{"start":{"line":17,"column":4},"end":{"line":17,"column":42}},"11":{"start":{"line":19,"column":2},"end":{"line":23,"column":5}},"12":{"start":{"line":26,"column":0},"end":{"line":26,"column":44}}},"fnMap":{"0":{"name":"(anonymous_0)","decl":{"start":{"line":3,"column":17},"end":{"line":3,"column":18}},"loc":{"start":{"line":3,"column":37},"end":{"line":6,"column":1}},"line":3},"1":{"name":"(anonymous_1)","decl":{"start":{"line":8,"column":21},"end":{"line":8,"column":22}},"loc":{"start":{"line":8,"column":47},"end":{"line":24,"column":1}},"line":8}},"branchMap":{"0":{"loc":{"start":{"line":10,"column":17},"end":{"line":10,"column":96}},"type":"binary-expr","locations":[{"start":{"line":10,"column":17},"end":{"line":10,"column":27}},{"start":{"line":10,"column":31},"end":{"line":10,"column":45}},{"start":{"line":10,"column":50},"end":{"line":10,"column":95}}],"line":10},"1":{"loc":{"start":{"line":10,"column":50},"end":{"line":10,"column":95}},"type":"cond-expr","locations":[{"start":{"line":10,"column":75},"end":{"line":10,"column":89}},{"start":{"line":10,"column":92},"end":{"line":10,"column":95}}],"line":10},"2":{"loc":{"start":{"line":12,"column":2},"end":{"line":18,"column":3}},"type":"if","locations":[{"start":{"line":12,"column":2},"end":{"line":18,"column":3}},{"start":{"line":15,"column":9},"end":{"line":18,"column":3}}],"line":12},"3":{"loc":{"start":{"line":20,"column":13},"end":{"line":20,"column":42}},"type":"binary-expr","locations":[{"start":{"line":20,"column":13},"end":{"line":20,"column":24}},{"start":{"line":20,"column":28},"end":{"line":20,"column":42}}],"line":20},"4":{"loc":{"start":{"line":22,"column":11},"end":{"line":22,"column":72}},"type":"cond-expr","locations":[{"start":{"line":22,"column":51},"end":{"line":22,"column":60}},{"start":{"line":22,"column":63},"end":{"line":22,"column":72}}],"line":22}},"s":{"0":2,"1":2,"2":2,"3":2,"4":2,"5":3,"6":3,"7":3,"8":1,"9":1,"10":2,"11":3,"12":2},"f":{"0":2,"1":3},"b":{"0":[3,2,2],"1":[2,0],"2":[1,2],"3":[3,0],"4":[0,3]},"_coverageSchema":"1a1c01bbd47fc00a2c39e90264f33305004495a9","hash":"1c6e4a0fa807af8daf556f4dd3ada56f72a2bd13"}
,"C:\\Users\\rrebucas\\FAHM-Server\\src\\middleware\\uploadMiddleware.js": {"path":"C:\\Users\\rrebucas\\FAHM-Server\\src\\middleware\\uploadMiddleware.js","statementMap":{"0":{"start":{"line":1,"column":15},"end":{"line":1,"column":32}},"1":{"start":{"line":2,"column":13},"end":{"line":2,"column":28}},"2":{"start":{"line":3,"column":13},"end":{"line":3,"column":34}},"3":{"start":{"line":6,"column":27},"end":{"line":11,"column":1}},"4":{"start":{"line":14,"column":22},"end":{"line":14,"column":38}},"5":{"start":{"line":17,"column":16},"end":{"line":17,"column":38}},"6":{"start":{"line":20,"column":19},"end":{"line":41,"column":1}},"7":{"start":{"line":22,"column":2},"end":{"line":27,"column":3}},"8":{"start":{"line":23,"column":4},"end":{"line":26,"column":6}},"9":{"start":{"line":30,"column":14},"end":{"line":30,"column":59}},"10":{"start":{"line":31,"column":28},"end":{"line":31,"column":61}},"11":{"start":{"line":33,"column":2},"end":{"line":38,"column":3}},"12":{"start":{"line":34,"column":4},"end":{"line":37,"column":6}},"13":{"start":{"line":40,"column":2},"end":{"line":40,"column":17}},"14":{"start":{"line":44,"column":15},"end":{"line":51,"column":2}},"15":{"start":{"line":54,"column":26},"end":{"line":84,"column":1}},"16":{"start":{"line":55,"column":2},"end":{"line":74,"column":3}},"17":{"start":{"line":56,"column":4},"end":{"line":61,"column":5}},"18":{"start":{"line":57,"column":6},"end":{"line":60,"column":9}},"19":{"start":{"line":62,"column":4},"end":{"line":67,"column":5}},"20":{"start":{"line":63,"column":6},"end":{"line":66,"column":9}},"21":{"start":{"line":68,"column":4},"end":{"line":73,"column":5}},"22":{"start":{"line":69,"column":6},"end":{"line":72,"column":9}},"23":{"start":{"line":76,"column":2},"end":{"line":81,"column":3}},"24":{"start":{"line":77,"column":4},"end":{"line":80,"column":7}},"25":{"start":{"line":83,"column":2},"end":{"line":83,"column":12}},"26":{"start":{"line":86,"column":0},"end":{"line":92,"column":2}}},"fnMap":{"0":{"name":"(anonymous_0)","decl":{"start":{"line":20,"column":19},"end":{"line":20,"column":20}},"loc":{"start":{"line":20,"column":38},"end":{"line":41,"column":1}},"line":20},"1":{"name":"(anonymous_1)","decl":{"start":{"line":54,"column":26},"end":{"line":54,"column":27}},"loc":{"start":{"line":54,"column":51},"end":{"line":84,"column":1}},"line":54}},"branchMap":{"0":{"loc":{"start":{"line":22,"column":2},"end":{"line":27,"column":3}},"type":"if","locations":[{"start":{"line":22,"column":2},"end":{"line":27,"column":3}},{"start":{},"end":{}}],"line":22},"1":{"loc":{"start":{"line":33,"column":2},"end":{"line":38,"column":3}},"type":"if","locations":[{"start":{"line":33,"column":2},"end":{"line":38,"column":3}},{"start":{},"end":{}}],"line":33},"2":{"loc":{"start":{"line":55,"column":2},"end":{"line":74,"column":3}},"type":"if","locations":[{"start":{"line":55,"column":2},"end":{"line":74,"column":3}},{"start":{},"end":{}}],"line":55},"3":{"loc":{"start":{"line":56,"column":4},"end":{"line":61,"column":5}},"type":"if","locations":[{"start":{"line":56,"column":4},"end":{"line":61,"column":5}},{"start":{},"end":{}}],"line":56},"4":{"loc":{"start":{"line":62,"column":4},"end":{"line":67,"column":5}},"type":"if","locations":[{"start":{"line":62,"column":4},"end":{"line":67,"column":5}},{"start":{},"end":{}}],"line":62},"5":{"loc":{"start":{"line":68,"column":4},"end":{"line":73,"column":5}},"type":"if","locations":[{"start":{"line":68,"column":4},"end":{"line":73,"column":5}},{"start":{},"end":{}}],"line":68},"6":{"loc":{"start":{"line":76,"column":2},"end":{"line":81,"column":3}},"type":"if","locations":[{"start":{"line":76,"column":2},"end":{"line":81,"column":3}},{"start":{},"end":{}}],"line":76}},"s":{"0":2,"1":2,"2":2,"3":2,"4":2,"5":2,"6":2,"7":3,"8":1,"9":2,"10":2,"11":2,"12":1,"13":1,"14":2,"15":2,"16":4,"17":3,"18":1,"19":2,"20":1,"21":1,"22":1,"23":1,"24":1,"25":0,"26":2},"f":{"0":3,"1":4},"b":{"0":[1,2],"1":[1,1],"2":[3,1],"3":[1,2],"4":[1,1],"5":[1,0],"6":[1,0]},"_coverageSchema":"1a1c01bbd47fc00a2c39e90264f33305004495a9","hash":"8e8390d459ed93659ac3160a26d1dbc9dd3951ce"}
,"C:\\Users\\rrebucas\\FAHM-Server\\src\\services\\tokenService.js": {"path":"C:\\Users\\rrebucas\\FAHM-Server\\src\\services\\tokenService.js","statementMap":{"0":{"start":{"line":1,"column":12},"end":{"line":1,"column":35}},"1":{"start":{"line":2,"column":22},"end":{"line":2,"column":46}},"2":{"start":{"line":4,"column":13},"end":{"line":15,"column":1}},"3":{"start":{"line":5,"column":18},"end":{"line":5,"column":37}},"4":{"start":{"line":6,"column":2},"end":{"line":14,"column":4}},"5":{"start":{"line":17,"column":0},"end":{"line":17,"column":26}}},"fnMap":{"0":{"name":"(anonymous_0)","decl":{"start":{"line":4,"column":13},"end":{"line":4,"column":14}},"loc":{"start":{"line":4,"column":23},"end":{"line":15,"column":1}},"line":4}},"branchMap":{"0":{"loc":{"start":{"line":5,"column":18},"end":{"line":5,"column":37}},"type":"binary-expr","locations":[{"start":{"line":5,"column":18},"end":{"line":5,"column":26}},{"start":{"line":5,"column":30},"end":{"line":5,"column":37}}],"line":5}},"s":{"0":3,"1":3,"2":3,"3":1,"4":1,"5":3},"f":{"0":1},"b":{"0":[1,0]},"_coverageSchema":"1a1c01bbd47fc00a2c39e90264f33305004495a9","hash":"2b564dd503e9e5cc5b7410da2c06558ab785b3fd"}
,"C:\\Users\\rrebucas\\FAHM-Server\\src\\utils\\asyncHandler.js": {"path":"C:\\Users\\rrebucas\\FAHM-Server\\src\\utils\\asyncHandler.js","statementMap":{"0":{"start":{"line":1,"column":0},"end":{"line":3,"column":2}},"1":{"start":{"line":1,"column":25},"end":{"line":3,"column":1}},"2":{"start":{"line":2,"column":2},"end":{"line":2,"column":50}}},"fnMap":{"0":{"name":"(anonymous_0)","decl":{"start":{"line":1,"column":17},"end":{"line":1,"column":18}},"loc":{"start":{"line":1,"column":25},"end":{"line":3,"column":1}},"line":1},"1":{"name":"(anonymous_1)","decl":{"start":{"line":1,"column":25},"end":{"line":1,"column":26}},"loc":{"start":{"line":1,"column":45},"end":{"line":3,"column":1}},"line":1}},"branchMap":{},"s":{"0":1,"1":2,"2":2},"f":{"0":2,"1":2},"b":{},"_coverageSchema":"1a1c01bbd47fc00a2c39e90264f33305004495a9","hash":"8b910fd0c38430e05d46c07f14cd529d69ad15b5"}
,"C:\\Users\\rrebucas\\FAHM-Server\\src\\utils\\audit.js": {"path":"C:\\Users\\rrebucas\\FAHM-Server\\src\\utils\\audit.js","statementMap":{"0":{"start":{"line":1,"column":21},"end":{"line":1,"column":45}},"1":{"start":{"line":2,"column":17},"end":{"line":2,"column":46}},"2":{"start":{"line":3,"column":31},"end":{"line":3,"column":57}},"3":{"start":{"line":16,"column":2},"end":{"line":58,"column":3}},"4":{"start":{"line":17,"column":18},"end":{"line":23,"column":5}},"5":{"start":{"line":24,"column":4},"end":{"line":28,"column":5}},"6":{"start":{"line":25,"column":6},"end":{"line":25,"column":49}},"7":{"start":{"line":26,"column":6},"end":{"line":26,"column":24}},"8":{"start":{"line":27,"column":6},"end":{"line":27,"column":50}},"9":{"start":{"line":30,"column":4},"end":{"line":52,"column":5}},"10":{"start":{"line":31,"column":6},"end":{"line":40,"column":9}},"11":{"start":{"line":42,"column":6},"end":{"line":51,"column":9}},"12":{"start":{"line":57,"column":4},"end":{"line":57,"column":51}},"13":{"start":{"line":61,"column":0},"end":{"line":61,"column":27}}},"fnMap":{"0":{"name":"audit","decl":{"start":{"line":15,"column":15},"end":{"line":15,"column":20}},"loc":{"start":{"line":15,"column":34},"end":{"line":59,"column":1}},"line":15}},"branchMap":{"0":{"loc":{"start":{"line":21,"column":14},"end":{"line":21,"column":40}},"type":"binary-expr","locations":[{"start":{"line":21,"column":14},"end":{"line":21,"column":27}},{"start":{"line":21,"column":31},"end":{"line":21,"column":40}}],"line":21},"1":{"loc":{"start":{"line":24,"column":4},"end":{"line":28,"column":5}},"type":"if","locations":[{"start":{"line":24,"column":4},"end":{"line":28,"column":5}},{"start":{},"end":{}}],"line":24},"2":{"loc":{"start":{"line":25,"column":19},"end":{"line":25,"column":48}},"type":"binary-expr","locations":[{"start":{"line":25,"column":19},"end":{"line":25,"column":32}},{"start":{"line":25,"column":36},"end":{"line":25,"column":48}}],"line":25},"3":{"loc":{"start":{"line":30,"column":4},"end":{"line":52,"column":5}},"type":"if","locations":[{"start":{"line":30,"column":4},"end":{"line":52,"column":5}},{"start":{"line":41,"column":11},"end":{"line":52,"column":5}}],"line":30}},"s":{"0":3,"1":3,"2":3,"3":2,"4":2,"5":2,"6":1,"7":1,"8":1,"9":2,"10":0,"11":2,"12":1,"13":3},"f":{"0":2},"b":{"0":[2,2],"1":[1,1],"2":[1,0],"3":[0,2]},"_coverageSchema":"1a1c01bbd47fc00a2c39e90264f33305004495a9","hash":"6ecb9b234be4dccea2c1e6d13c8d4e093bf8d3fe"}
,"C:\\Users\\rrebucas\\FAHM-Server\\src\\utils\\logger.js": {"path":"C:\\Users\\rrebucas\\FAHM-Server\\src\\utils\\logger.js","statementMap":{"0":{"start":{"line":1,"column":15},"end":{"line":1,"column":49}},"1":{"start":{"line":3,"column":19},"end":{"line":3,"column":51}},"2":{"start":{"line":3,"column":30},"end":{"line":3,"column":51}},"3":{"start":{"line":5,"column":21},"end":{"line":5,"column":52}},"4":{"start":{"line":7,"column":12},"end":{"line":27,"column":1}},"5":{"start":{"line":8,"column":2},"end":{"line":10,"column":3}},"6":{"start":{"line":9,"column":4},"end":{"line":9,"column":11}},"7":{"start":{"line":12,"column":20},"end":{"line":12,"column":31}},"8":{"start":{"line":13,"column":21},"end":{"line":13,"column":34}},"9":{"start":{"line":14,"column":2},"end":{"line":14,"column":23}},"10":{"start":{"line":16,"column":18},"end":{"line":24,"column":3}},"11":{"start":{"line":26,"column":2},"end":{"line":26,"column":39}},"12":{"start":{"line":29,"column":14},"end":{"line":39,"column":1}},"13":{"start":{"line":30,"column":19},"end":{"line":30,"column":57}},"14":{"start":{"line":30,"column":31},"end":{"line":30,"column":56}},"15":{"start":{"line":31,"column":14},"end":{"line":36,"column":3}},"16":{"start":{"line":32,"column":26},"end":{"line":32,"column":59}},"17":{"start":{"line":33,"column":25},"end":{"line":33,"column":57}},"18":{"start":{"line":34,"column":25},"end":{"line":34,"column":57}},"19":{"start":{"line":35,"column":26},"end":{"line":35,"column":59}},"20":{"start":{"line":37,"column":2},"end":{"line":37,"column":51}},"21":{"start":{"line":37,"column":29},"end":{"line":37,"column":50}},"22":{"start":{"line":38,"column":2},"end":{"line":38,"column":13}},"23":{"start":{"line":41,"column":0},"end":{"line":47,"column":2}},"24":{"start":{"line":42,"column":24},"end":{"line":42,"column":47}},"25":{"start":{"line":43,"column":23},"end":{"line":43,"column":45}},"26":{"start":{"line":44,"column":23},"end":{"line":44,"column":45}},"27":{"start":{"line":45,"column":24},"end":{"line":45,"column":47}}},"fnMap":{"0":{"name":"(anonymous_0)","decl":{"start":{"line":3,"column":19},"end":{"line":3,"column":20}},"loc":{"start":{"line":3,"column":30},"end":{"line":3,"column":51}},"line":3},"1":{"name":"(anonymous_1)","decl":{"start":{"line":7,"column":12},"end":{"line":7,"column":13}},"loc":{"start":{"line":7,"column":43},"end":{"line":27,"column":1}},"line":7},"2":{"name":"(anonymous_2)","decl":{"start":{"line":29,"column":14},"end":{"line":29,"column":15}},"loc":{"start":{"line":29,"column":33},"end":{"line":39,"column":1}},"line":29},"3":{"name":"(anonymous_3)","decl":{"start":{"line":30,"column":19},"end":{"line":30,"column":20}},"loc":{"start":{"line":30,"column":31},"end":{"line":30,"column":56}},"line":30},"4":{"name":"(anonymous_4)","decl":{"start":{"line":32,"column":11},"end":{"line":32,"column":12}},"loc":{"start":{"line":32,"column":26},"end":{"line":32,"column":59}},"line":32},"5":{"name":"(anonymous_5)","decl":{"start":{"line":33,"column":10},"end":{"line":33,"column":11}},"loc":{"start":{"line":33,"column":25},"end":{"line":33,"column":57}},"line":33},"6":{"name":"(anonymous_6)","decl":{"start":{"line":34,"column":10},"end":{"line":34,"column":11}},"loc":{"start":{"line":34,"column":25},"end":{"line":34,"column":57}},"line":34},"7":{"name":"(anonymous_7)","decl":{"start":{"line":35,"column":11},"end":{"line":35,"column":12}},"loc":{"start":{"line":35,"column":26},"end":{"line":35,"column":59}},"line":35},"8":{"name":"(anonymous_8)","decl":{"start":{"line":37,"column":14},"end":{"line":37,"column":15}},"loc":{"start":{"line":37,"column":29},"end":{"line":37,"column":50}},"line":37},"9":{"name":"(anonymous_9)","decl":{"start":{"line":42,"column":9},"end":{"line":42,"column":10}},"loc":{"start":{"line":42,"column":24},"end":{"line":42,"column":47}},"line":42},"10":{"name":"(anonymous_10)","decl":{"start":{"line":43,"column":8},"end":{"line":43,"column":9}},"loc":{"start":{"line":43,"column":23},"end":{"line":43,"column":45}},"line":43},"11":{"name":"(anonymous_11)","decl":{"start":{"line":44,"column":8},"end":{"line":44,"column":9}},"loc":{"start":{"line":44,"column":23},"end":{"line":44,"column":45}},"line":44},"12":{"name":"(anonymous_12)","decl":{"start":{"line":45,"column":9},"end":{"line":45,"column":10}},"loc":{"start":{"line":45,"column":24},"end":{"line":45,"column":47}},"line":45}},"branchMap":{"0":{"loc":{"start":{"line":5,"column":21},"end":{"line":5,"column":52}},"type":"binary-expr","locations":[{"start":{"line":5,"column":21},"end":{"line":5,"column":42}},{"start":{"line":5,"column":46},"end":{"line":5,"column":52}}],"line":5},"1":{"loc":{"start":{"line":7,"column":29},"end":{"line":7,"column":38}},"type":"default-arg","locations":[{"start":{"line":7,"column":36},"end":{"line":7,"column":38}}],"line":7},"2":{"loc":{"start":{"line":8,"column":2},"end":{"line":10,"column":3}},"type":"if","locations":[{"start":{"line":8,"column":2},"end":{"line":10,"column":3}},{"start":{},"end":{}}],"line":8},"3":{"loc":{"start":{"line":29,"column":15},"end":{"line":29,"column":28}},"type":"default-arg","locations":[{"start":{"line":29,"column":26},"end":{"line":29,"column":28}}],"line":29},"4":{"loc":{"start":{"line":37,"column":15},"end":{"line":37,"column":24}},"type":"default-arg","locations":[{"start":{"line":37,"column":22},"end":{"line":37,"column":24}}],"line":37}},"s":{"0":12,"1":12,"2":38,"3":12,"4":12,"5":19,"6":18,"7":1,"8":1,"9":1,"10":1,"11":1,"12":12,"13":3,"14":0,"15":3,"16":0,"17":0,"18":0,"19":0,"20":3,"21":0,"22":3,"23":12,"24":0,"25":7,"26":9,"27":3},"f":{"0":38,"1":19,"2":3,"3":0,"4":0,"5":0,"6":0,"7":0,"8":0,"9":0,"10":7,"11":9,"12":3},"b":{"0":[12,0],"1":[10],"2":[18,1],"3":[0],"4":[0]},"_coverageSchema":"1a1c01bbd47fc00a2c39e90264f33305004495a9","hash":"1ec5c1949ffa5c8122cdd78b8ae454e6d9043a58"}
}
