{"C:\\Users\\rrebucas\\FAHM-Server\\src\\app.js": {"path":"C:\\Users\\rrebucas\\FAHM-Server\\src\\app.js","statementMap":{"0":{"start":{"line":1,"column":16},"end":{"line":1,"column":34}},"1":{"start":{"line":2,"column":13},"end":{"line":2,"column":28}},"2":{"start":{"line":3,"column":15},"end":{"line":3,"column":32}},"3":{"start":{"line":4,"column":15},"end":{"line":4,"column":32}},"4":{"start":{"line":5,"column":18},"end":{"line":5,"column":47}},"5":{"start":{"line":6,"column":23},"end":{"line":6,"column":38}},"6":{"start":{"line":7,"column":15},"end":{"line":7,"column":34}},"7":{"start":{"line":8,"column":35},"end":{"line":8,"column":64}},"8":{"start":{"line":9,"column":20},"end":{"line":9,"column":47}},"9":{"start":{"line":10,"column":15},"end":{"line":10,"column":40}},"10":{"start":{"line":11,"column":21},"end":{"line":11,"column":44}},"11":{"start":{"line":13,"column":12},"end":{"line":13,"column":21}},"12":{"start":{"line":15,"column":0},"end":{"line":15,"column":28}},"13":{"start":{"line":17,"column":0},"end":{"line":17,"column":18}},"14":{"start":{"line":18,"column":23},"end":{"line":21,"column":18}},"15":{"start":{"line":20,"column":14},"end":{"line":20,"column":22}},"16":{"start":{"line":22,"column":20},"end":{"line":32,"column":1}},"17":{"start":{"line":26,"column":8},"end":{"line":28,"column":9}},"18":{"start":{"line":27,"column":10},"end":{"line":27,"column":40}},"19":{"start":{"line":29,"column":8},"end":{"line":29,"column":58}},"20":{"start":{"line":33,"column":0},"end":{"line":33,"column":27}},"21":{"start":{"line":34,"column":0},"end":{"line":34,"column":40}},"22":{"start":{"line":35,"column":0},"end":{"line":35,"column":49}},"23":{"start":{"line":36,"column":0},"end":{"line":36,"column":23}},"24":{"start":{"line":39,"column":0},"end":{"line":44,"column":3}},"25":{"start":{"line":40,"column":2},"end":{"line":40,"column":51}},"26":{"start":{"line":41,"column":2},"end":{"line":41,"column":40}},"27":{"start":{"line":42,"column":2},"end":{"line":42,"column":48}},"28":{"start":{"line":43,"column":2},"end":{"line":43,"column":16}},"29":{"start":{"line":46,"column":0},"end":{"line":46,"column":61}},"30":{"start":{"line":46,"column":33},"end":{"line":46,"column":59}},"31":{"start":{"line":49,"column":0},"end":{"line":52,"column":4}},"32":{"start":{"line":53,"column":0},"end":{"line":56,"column":3}},"33":{"start":{"line":54,"column":2},"end":{"line":54,"column":52}},"34":{"start":{"line":55,"column":2},"end":{"line":55,"column":24}},"35":{"start":{"line":58,"column":0},"end":{"line":58,"column":27}},"36":{"start":{"line":60,"column":0},"end":{"line":60,"column":18}},"37":{"start":{"line":61,"column":0},"end":{"line":61,"column":22}},"38":{"start":{"line":63,"column":0},"end":{"line":63,"column":21}}},"fnMap":{"0":{"name":"(anonymous_0)","decl":{"start":{"line":20,"column":7},"end":{"line":20,"column":8}},"loc":{"start":{"line":20,"column":14},"end":{"line":20,"column":22}},"line":20},"1":{"name":"(anonymous_1)","decl":{"start":{"line":25,"column":6},"end":{"line":25,"column":7}},"loc":{"start":{"line":25,"column":28},"end":{"line":30,"column":7}},"line":25},"2":{"name":"(anonymous_2)","decl":{"start":{"line":39,"column":8},"end":{"line":39,"column":9}},"loc":{"start":{"line":39,"column":28},"end":{"line":44,"column":1}},"line":39},"3":{"name":"(anonymous_3)","decl":{"start":{"line":46,"column":19},"end":{"line":46,"column":20}},"loc":{"start":{"line":46,"column":33},"end":{"line":46,"column":59}},"line":46},"4":{"name":"(anonymous_4)","decl":{"start":{"line":53,"column":26},"end":{"line":53,"column":27}},"loc":{"start":{"line":53,"column":40},"end":{"line":56,"column":1}},"line":53}},"branchMap":{"0":{"loc":{"start":{"line":18,"column":24},"end":{"line":18,"column":51}},"type":"binary-expr","locations":[{"start":{"line":18,"column":24},"end":{"line":18,"column":44}},{"start":{"line":18,"column":48},"end":{"line":18,"column":51}}],"line":18},"1":{"loc":{"start":{"line":23,"column":10},"end":{"line":30,"column":7}},"type":"cond-expr","locations":[{"start":{"line":24,"column":6},"end":{"line":24,"column":9}},{"start":{"line":25,"column":6},"end":{"line":30,"column":7}}],"line":23},"2":{"loc":{"start":{"line":26,"column":8},"end":{"line":28,"column":9}},"type":"if","locations":[{"start":{"line":26,"column":8},"end":{"line":28,"column":9}},{"start":{},"end":{}}],"line":26},"3":{"loc":{"start":{"line":26,"column":12},"end":{"line":26,"column":54}},"type":"binary-expr","locations":[{"start":{"line":26,"column":12},"end":{"line":26,"column":19}},{"start":{"line":26,"column":23},"end":{"line":26,"column":54}}],"line":26},"4":{"loc":{"start":{"line":40,"column":11},"end":{"line":40,"column":50}},"type":"binary-expr","locations":[{"start":{"line":40,"column":11},"end":{"line":40,"column":38}},{"start":{"line":40,"column":42},"end":{"line":40,"column":50}}],"line":40}},"s":{"0":1,"1":1,"2":1,"3":1,"4":1,"5":1,"6":1,"7":1,"8":1,"9":1,"10":1,"11":1,"12":1,"13":1,"14":1,"15":1,"16":1,"17":0,"18":0,"19":0,"20":1,"21":1,"22":1,"23":1,"24":1,"25":2,"26":2,"27":2,"28":2,"29":1,"30":1,"31":1,"32":1,"33":0,"34":0,"35":1,"36":1,"37":1,"38":1},"f":{"0":1,"1":0,"2":2,"3":1,"4":0},"b":{"0":[1,0],"1":[1,0],"2":[0,0],"3":[0,0],"4":[2,2]},"_coverageSchema":"1a1c01bbd47fc00a2c39e90264f33305004495a9","hash":"1b63eb58b598f49f3db35c6747a802db1aa369f4"}
,"C:\\Users\\rrebucas\\FAHM-Server\\src\\controllers\\authController.js": {"path":"C:\\Users\\rrebucas\\FAHM-Server\\src\\controllers\\authController.js","statementMap":{"0":{"start":{"line":1,"column":29},"end":{"line":1,"column":57}},"1":{"start":{"line":2,"column":20},"end":{"line":2,"column":42}},"2":{"start":{"line":3,"column":13},"end":{"line":3,"column":38}},"3":{"start":{"line":4,"column":21},"end":{"line":4,"column":56}},"4":{"start":{"line":5,"column":28},"end":{"line":5,"column":70}},"5":{"start":{"line":6,"column":18},"end":{"line":6,"column":43}},"6":{"start":{"line":8,"column":27},"end":{"line":14,"column":1}},"7":{"start":{"line":9,"column":18},"end":{"line":9,"column":35}},"8":{"start":{"line":10,"column":2},"end":{"line":13,"column":4}},"9":{"start":{"line":16,"column":0},"end":{"line":44,"column":2}},"10":{"start":{"line":17,"column":2},"end":{"line":43,"column":3}},"11":{"start":{"line":18,"column":19},"end":{"line":18,"column":40}},"12":{"start":{"line":19,"column":4},"end":{"line":21,"column":5}},"13":{"start":{"line":20,"column":6},"end":{"line":20,"column":64}},"14":{"start":{"line":22,"column":51},"end":{"line":22,"column":59}},"15":{"start":{"line":24,"column":21},"end":{"line":24,"column":50}},"16":{"start":{"line":25,"column":4},"end":{"line":27,"column":5}},"17":{"start":{"line":26,"column":6},"end":{"line":26,"column":64}},"18":{"start":{"line":28,"column":17},"end":{"line":28,"column":74}},"19":{"start":{"line":29,"column":18},"end":{"line":29,"column":41}},"20":{"start":{"line":30,"column":36},"end":{"line":33,"column":6}},"21":{"start":{"line":34,"column":4},"end":{"line":34,"column":101}},"22":{"start":{"line":35,"column":4},"end":{"line":39,"column":7}},"23":{"start":{"line":41,"column":4},"end":{"line":41,"column":103}},"24":{"start":{"line":42,"column":4},"end":{"line":42,"column":21}},"25":{"start":{"line":46,"column":0},"end":{"line":73,"column":2}},"26":{"start":{"line":47,"column":2},"end":{"line":72,"column":3}},"27":{"start":{"line":48,"column":19},"end":{"line":48,"column":40}},"28":{"start":{"line":49,"column":4},"end":{"line":51,"column":5}},"29":{"start":{"line":50,"column":6},"end":{"line":50,"column":64}},"30":{"start":{"line":52,"column":32},"end":{"line":52,"column":40}},"31":{"start":{"line":54,"column":17},"end":{"line":54,"column":66}},"32":{"start":{"line":55,"column":4},"end":{"line":55,"column":68}},"33":{"start":{"line":55,"column":15},"end":{"line":55,"column":68}},"34":{"start":{"line":56,"column":18},"end":{"line":56,"column":54}},"35":{"start":{"line":57,"column":4},"end":{"line":57,"column":69}},"36":{"start":{"line":57,"column":16},"end":{"line":57,"column":69}},"37":{"start":{"line":58,"column":18},"end":{"line":58,"column":41}},"38":{"start":{"line":59,"column":36},"end":{"line":62,"column":6}},"39":{"start":{"line":63,"column":4},"end":{"line":63,"column":98}},"40":{"start":{"line":64,"column":4},"end":{"line":68,"column":7}},"41":{"start":{"line":70,"column":4},"end":{"line":70,"column":100}},"42":{"start":{"line":71,"column":4},"end":{"line":71,"column":21}},"43":{"start":{"line":75,"column":0},"end":{"line":98,"column":2}},"44":{"start":{"line":76,"column":2},"end":{"line":97,"column":3}},"45":{"start":{"line":77,"column":19},"end":{"line":77,"column":40}},"46":{"start":{"line":78,"column":4},"end":{"line":80,"column":5}},"47":{"start":{"line":79,"column":6},"end":{"line":79,"column":64}},"48":{"start":{"line":81,"column":29},"end":{"line":81,"column":37}},"49":{"start":{"line":82,"column":21},"end":{"line":85,"column":6}},"50":{"start":{"line":87,"column":17},"end":{"line":87,"column":53}},"51":{"start":{"line":88,"column":4},"end":{"line":90,"column":5}},"52":{"start":{"line":89,"column":6},"end":{"line":89,"column":54}},"53":{"start":{"line":91,"column":18},"end":{"line":91,"column":41}},"54":{"start":{"line":92,"column":4},"end":{"line":92,"column":107}},"55":{"start":{"line":93,"column":4},"end":{"line":93,"column":68}},"56":{"start":{"line":95,"column":4},"end":{"line":95,"column":102}},"57":{"start":{"line":96,"column":4},"end":{"line":96,"column":21}},"58":{"start":{"line":100,"column":0},"end":{"line":140,"column":2}},"59":{"start":{"line":101,"column":2},"end":{"line":139,"column":3}},"60":{"start":{"line":102,"column":19},"end":{"line":102,"column":40}},"61":{"start":{"line":103,"column":4},"end":{"line":105,"column":5}},"62":{"start":{"line":104,"column":6},"end":{"line":104,"column":64}},"63":{"start":{"line":107,"column":4},"end":{"line":109,"column":5}},"64":{"start":{"line":108,"column":6},"end":{"line":108,"column":63}},"65":{"start":{"line":111,"column":26},"end":{"line":111,"column":48}},"66":{"start":{"line":112,"column":25},"end":{"line":112,"column":48}},"67":{"start":{"line":114,"column":4},"end":{"line":126,"column":5}},"68":{"start":{"line":115,"column":25},"end":{"line":119,"column":7}},"69":{"start":{"line":120,"column":6},"end":{"line":122,"column":7}},"70":{"start":{"line":121,"column":8},"end":{"line":121,"column":63}},"71":{"start":{"line":123,"column":6},"end":{"line":123,"column":69}},"72":{"start":{"line":125,"column":6},"end":{"line":125,"column":85}},"73":{"start":{"line":127,"column":4},"end":{"line":134,"column":6}},"74":{"start":{"line":135,"column":4},"end":{"line":135,"column":34}},"75":{"start":{"line":137,"column":4},"end":{"line":137,"column":101}},"76":{"start":{"line":138,"column":4},"end":{"line":138,"column":21}}},"fnMap":{"0":{"name":"(anonymous_0)","decl":{"start":{"line":8,"column":27},"end":{"line":8,"column":28}},"loc":{"start":{"line":8,"column":41},"end":{"line":14,"column":1}},"line":8},"1":{"name":"(anonymous_1)","decl":{"start":{"line":16,"column":19},"end":{"line":16,"column":20}},"loc":{"start":{"line":16,"column":45},"end":{"line":44,"column":1}},"line":16},"2":{"name":"(anonymous_2)","decl":{"start":{"line":46,"column":16},"end":{"line":46,"column":17}},"loc":{"start":{"line":46,"column":42},"end":{"line":73,"column":1}},"line":46},"3":{"name":"(anonymous_3)","decl":{"start":{"line":75,"column":18},"end":{"line":75,"column":19}},"loc":{"start":{"line":75,"column":44},"end":{"line":98,"column":1}},"line":75},"4":{"name":"(anonymous_4)","decl":{"start":{"line":100,"column":17},"end":{"line":100,"column":18}},"loc":{"start":{"line":100,"column":43},"end":{"line":140,"column":1}},"line":100}},"branchMap":{"0":{"loc":{"start":{"line":8,"column":28},"end":{"line":8,"column":36}},"type":"default-arg","locations":[{"start":{"line":8,"column":34},"end":{"line":8,"column":36}}],"line":8},"1":{"loc":{"start":{"line":9,"column":18},"end":{"line":9,"column":35}},"type":"binary-expr","locations":[{"start":{"line":9,"column":18},"end":{"line":9,"column":29}},{"start":{"line":9,"column":33},"end":{"line":9,"column":35}}],"line":9},"2":{"loc":{"start":{"line":12,"column":15},"end":{"line":12,"column":61}},"type":"binary-expr","locations":[{"start":{"line":12,"column":15},"end":{"line":12,"column":36}},{"start":{"line":12,"column":40},"end":{"line":12,"column":61}}],"line":12},"3":{"loc":{"start":{"line":19,"column":4},"end":{"line":21,"column":5}},"type":"if","locations":[{"start":{"line":19,"column":4},"end":{"line":21,"column":5}},{"start":{},"end":{}}],"line":19},"4":{"loc":{"start":{"line":25,"column":4},"end":{"line":27,"column":5}},"type":"if","locations":[{"start":{"line":25,"column":4},"end":{"line":27,"column":5}},{"start":{},"end":{}}],"line":25},"5":{"loc":{"start":{"line":49,"column":4},"end":{"line":51,"column":5}},"type":"if","locations":[{"start":{"line":49,"column":4},"end":{"line":51,"column":5}},{"start":{},"end":{}}],"line":49},"6":{"loc":{"start":{"line":55,"column":4},"end":{"line":55,"column":68}},"type":"if","locations":[{"start":{"line":55,"column":4},"end":{"line":55,"column":68}},{"start":{},"end":{}}],"line":55},"7":{"loc":{"start":{"line":57,"column":4},"end":{"line":57,"column":69}},"type":"if","locations":[{"start":{"line":57,"column":4},"end":{"line":57,"column":69}},{"start":{},"end":{}}],"line":57},"8":{"loc":{"start":{"line":78,"column":4},"end":{"line":80,"column":5}},"type":"if","locations":[{"start":{"line":78,"column":4},"end":{"line":80,"column":5}},{"start":{},"end":{}}],"line":78},"9":{"loc":{"start":{"line":88,"column":4},"end":{"line":90,"column":5}},"type":"if","locations":[{"start":{"line":88,"column":4},"end":{"line":90,"column":5}},{"start":{},"end":{}}],"line":88},"10":{"loc":{"start":{"line":103,"column":4},"end":{"line":105,"column":5}},"type":"if","locations":[{"start":{"line":103,"column":4},"end":{"line":105,"column":5}},{"start":{},"end":{}}],"line":103},"11":{"loc":{"start":{"line":107,"column":4},"end":{"line":109,"column":5}},"type":"if","locations":[{"start":{"line":107,"column":4},"end":{"line":109,"column":5}},{"start":{},"end":{}}],"line":107},"12":{"loc":{"start":{"line":114,"column":4},"end":{"line":126,"column":5}},"type":"if","locations":[{"start":{"line":114,"column":4},"end":{"line":126,"column":5}},{"start":{"line":124,"column":11},"end":{"line":126,"column":5}}],"line":114},"13":{"loc":{"start":{"line":120,"column":6},"end":{"line":122,"column":7}},"type":"if","locations":[{"start":{"line":120,"column":6},"end":{"line":122,"column":7}},{"start":{},"end":{}}],"line":120},"14":{"loc":{"start":{"line":123,"column":23},"end":{"line":123,"column":68}},"type":"binary-expr","locations":[{"start":{"line":123,"column":23},"end":{"line":123,"column":50}},{"start":{"line":123,"column":54},"end":{"line":123,"column":68}}],"line":123}},"s":{"0":2,"1":2,"2":2,"3":2,"4":2,"5":2,"6":2,"7":5,"8":5,"9":2,"10":2,"11":2,"12":2,"13":0,"14":2,"15":2,"16":2,"17":1,"18":1,"19":1,"20":1,"21":1,"22":1,"23":0,"24":0,"25":2,"26":2,"27":2,"28":2,"29":0,"30":2,"31":2,"32":2,"33":1,"34":1,"35":1,"36":0,"37":1,"38":1,"39":1,"40":1,"41":0,"42":0,"43":2,"44":1,"45":1,"46":1,"47":0,"48":1,"49":1,"50":1,"51":1,"52":0,"53":1,"54":1,"55":1,"56":0,"57":0,"58":2,"59":4,"60":4,"61":4,"62":0,"63":4,"64":1,"65":3,"66":3,"67":3,"68":2,"69":2,"70":1,"71":1,"72":1,"73":2,"74":2,"75":0,"76":0},"f":{"0":5,"1":2,"2":2,"3":1,"4":4},"b":{"0":[0],"1":[5,3],"2":[5,4],"3":[0,2],"4":[1,1],"5":[0,2],"6":[1,1],"7":[0,1],"8":[0,1],"9":[0,1],"10":[0,4],"11":[1,3],"12":[2,1],"13":[1,1],"14":[1,0]},"_coverageSchema":"1a1c01bbd47fc00a2c39e90264f33305004495a9","hash":"c7ff39c31221ad9ecf05060ee28d00d6f784d2fb"}
,"C:\\Users\\rrebucas\\FAHM-Server\\src\\controllers\\documentController.js": {"path":"C:\\Users\\rrebucas\\FAHM-Server\\src\\controllers\\documentController.js","statementMap":{"0":{"start":{"line":1,"column":29},"end":{"line":1,"column":57}},"1":{"start":{"line":2,"column":20},"end":{"line":2,"column":42}},"2":{"start":{"line":3,"column":17},"end":{"line":3,"column":46}},"3":{"start":{"line":4,"column":17},"end":{"line":4,"column":46}},"4":{"start":{"line":5,"column":18},"end":{"line":5,"column":43}},"5":{"start":{"line":7,"column":0},"end":{"line":14,"column":2}},"6":{"start":{"line":8,"column":2},"end":{"line":13,"column":3}},"7":{"start":{"line":9,"column":17},"end":{"line":9,"column":102}},"8":{"start":{"line":10,"column":4},"end":{"line":10,"column":26}},"9":{"start":{"line":12,"column":4},"end":{"line":12,"column":21}},"10":{"start":{"line":16,"column":0},"end":{"line":93,"column":2}},"11":{"start":{"line":17,"column":2},"end":{"line":92,"column":3}},"12":{"start":{"line":18,"column":19},"end":{"line":18,"column":40}},"13":{"start":{"line":19,"column":4},"end":{"line":21,"column":5}},"14":{"start":{"line":20,"column":6},"end":{"line":20,"column":64}},"15":{"start":{"line":23,"column":58},"end":{"line":23,"column":66}},"16":{"start":{"line":25,"column":4},"end":{"line":27,"column":5}},"17":{"start":{"line":26,"column":6},"end":{"line":26,"column":69}},"18":{"start":{"line":29,"column":4},"end":{"line":31,"column":5}},"19":{"start":{"line":30,"column":6},"end":{"line":30,"column":65}},"20":{"start":{"line":33,"column":4},"end":{"line":35,"column":5}},"21":{"start":{"line":34,"column":6},"end":{"line":34,"column":85}},"22":{"start":{"line":37,"column":21},"end":{"line":37,"column":59}},"23":{"start":{"line":38,"column":4},"end":{"line":50,"column":5}},"24":{"start":{"line":39,"column":6},"end":{"line":47,"column":8}},"25":{"start":{"line":49,"column":6},"end":{"line":49,"column":44}},"26":{"start":{"line":52,"column":22},"end":{"line":52,"column":32}},"27":{"start":{"line":53,"column":20},"end":{"line":53,"column":24}},"28":{"start":{"line":54,"column":30},"end":{"line":54,"column":108}},"29":{"start":{"line":56,"column":16},"end":{"line":68,"column":6}},"30":{"start":{"line":70,"column":4},"end":{"line":78,"column":6}},"31":{"start":{"line":80,"column":4},"end":{"line":80,"column":37}},"32":{"start":{"line":82,"column":4},"end":{"line":90,"column":6}},"33":{"start":{"line":91,"column":4},"end":{"line":91,"column":21}},"34":{"start":{"line":95,"column":0},"end":{"line":114,"column":2}},"35":{"start":{"line":96,"column":2},"end":{"line":113,"column":3}},"36":{"start":{"line":97,"column":16},"end":{"line":97,"column":54}},"37":{"start":{"line":98,"column":4},"end":{"line":98,"column":66}},"38":{"start":{"line":98,"column":14},"end":{"line":98,"column":66}},"39":{"start":{"line":99,"column":4},"end":{"line":99,"column":26}},"40":{"start":{"line":100,"column":4},"end":{"line":100,"column":21}},"41":{"start":{"line":101,"column":4},"end":{"line":109,"column":6}},"42":{"start":{"line":110,"column":4},"end":{"line":110,"column":25}},"43":{"start":{"line":112,"column":4},"end":{"line":112,"column":21}}},"fnMap":{"0":{"name":"(anonymous_0)","decl":{"start":{"line":7,"column":22},"end":{"line":7,"column":23}},"loc":{"start":{"line":7,"column":48},"end":{"line":14,"column":1}},"line":7},"1":{"name":"(anonymous_1)","decl":{"start":{"line":16,"column":17},"end":{"line":16,"column":18}},"loc":{"start":{"line":16,"column":43},"end":{"line":93,"column":1}},"line":16},"2":{"name":"(anonymous_2)","decl":{"start":{"line":95,"column":21},"end":{"line":95,"column":22}},"loc":{"start":{"line":95,"column":47},"end":{"line":114,"column":1}},"line":95}},"branchMap":{"0":{"loc":{"start":{"line":19,"column":4},"end":{"line":21,"column":5}},"type":"if","locations":[{"start":{"line":19,"column":4},"end":{"line":21,"column":5}},{"start":{},"end":{}}],"line":19},"1":{"loc":{"start":{"line":23,"column":24},"end":{"line":23,"column":36}},"type":"default-arg","locations":[{"start":{"line":23,"column":31},"end":{"line":23,"column":36}}],"line":23},"2":{"loc":{"start":{"line":25,"column":4},"end":{"line":27,"column":5}},"type":"if","locations":[{"start":{"line":25,"column":4},"end":{"line":27,"column":5}},{"start":{},"end":{}}],"line":25},"3":{"loc":{"start":{"line":29,"column":4},"end":{"line":31,"column":5}},"type":"if","locations":[{"start":{"line":29,"column":4},"end":{"line":31,"column":5}},{"start":{},"end":{}}],"line":29},"4":{"loc":{"start":{"line":29,"column":8},"end":{"line":29,"column":59}},"type":"binary-expr","locations":[{"start":{"line":29,"column":8},"end":{"line":29,"column":12}},{"start":{"line":29,"column":16},"end":{"line":29,"column":59}}],"line":29},"5":{"loc":{"start":{"line":33,"column":4},"end":{"line":35,"column":5}},"type":"if","locations":[{"start":{"line":33,"column":4},"end":{"line":35,"column":5}},{"start":{},"end":{}}],"line":33},"6":{"loc":{"start":{"line":38,"column":4},"end":{"line":50,"column":5}},"type":"if","locations":[{"start":{"line":38,"column":4},"end":{"line":50,"column":5}},{"start":{},"end":{}}],"line":38},"7":{"loc":{"start":{"line":98,"column":4},"end":{"line":98,"column":66}},"type":"if","locations":[{"start":{"line":98,"column":4},"end":{"line":98,"column":66}},{"start":{},"end":{}}],"line":98}},"s":{"0":2,"1":2,"2":2,"3":2,"4":2,"5":2,"6":1,"7":1,"8":1,"9":0,"10":2,"11":3,"12":3,"13":3,"14":0,"15":3,"16":3,"17":1,"18":2,"19":0,"20":2,"21":0,"22":2,"23":2,"24":1,"25":1,"26":1,"27":1,"28":1,"29":1,"30":1,"31":1,"32":0,"33":0,"34":2,"35":2,"36":2,"37":2,"38":1,"39":1,"40":1,"41":1,"42":1,"43":0},"f":{"0":1,"1":3,"2":2},"b":{"0":[0,3],"1":[0],"2":[1,2],"3":[0,2],"4":[2,2],"5":[0,2],"6":[1,1],"7":[1,1]},"_coverageSchema":"1a1c01bbd47fc00a2c39e90264f33305004495a9","hash":"def2aa454d12d547cb5cae0a83f111a57ba73689"}
,"C:\\Users\\rrebucas\\FAHM-Server\\src\\middleware\\auth.js": {"path":"C:\\Users\\rrebucas\\FAHM-Server\\src\\middleware\\auth.js","statementMap":{"0":{"start":{"line":1,"column":12},"end":{"line":1,"column":35}},"1":{"start":{"line":2,"column":20},"end":{"line":2,"column":42}},"2":{"start":{"line":3,"column":22},"end":{"line":3,"column":46}},"3":{"start":{"line":4,"column":13},"end":{"line":4,"column":38}},"4":{"start":{"line":5,"column":26},"end":{"line":5,"column":52}},"5":{"start":{"line":6,"column":15},"end":{"line":6,"column":41}},"6":{"start":{"line":9,"column":21},"end":{"line":32,"column":1}},"7":{"start":{"line":10,"column":21},"end":{"line":10,"column":46}},"8":{"start":{"line":11,"column":2},"end":{"line":13,"column":3}},"9":{"start":{"line":12,"column":4},"end":{"line":12,"column":61}},"10":{"start":{"line":15,"column":16},"end":{"line":15,"column":40}},"11":{"start":{"line":16,"column":2},"end":{"line":31,"column":3}},"12":{"start":{"line":17,"column":20},"end":{"line":17,"column":48}},"13":{"start":{"line":19,"column":4},"end":{"line":19,"column":68}},"14":{"start":{"line":21,"column":4},"end":{"line":21,"column":67}},"15":{"start":{"line":21,"column":19},"end":{"line":21,"column":67}},"16":{"start":{"line":22,"column":4},"end":{"line":22,"column":87}},"17":{"start":{"line":22,"column":37},"end":{"line":22,"column":87}},"18":{"start":{"line":23,"column":4},"end":{"line":27,"column":5}},"19":{"start":{"line":24,"column":6},"end":{"line":24,"column":77}},"20":{"start":{"line":26,"column":6},"end":{"line":26,"column":95}},"21":{"start":{"line":28,"column":4},"end":{"line":28,"column":18}},"22":{"start":{"line":30,"column":4},"end":{"line":30,"column":51}},"23":{"start":{"line":35,"column":18},"end":{"line":54,"column":1}},"24":{"start":{"line":35,"column":31},"end":{"line":54,"column":1}},"25":{"start":{"line":36,"column":2},"end":{"line":36,"column":74}},"26":{"start":{"line":36,"column":17},"end":{"line":36,"column":74}},"27":{"start":{"line":38,"column":15},"end":{"line":40,"column":21}},"28":{"start":{"line":42,"column":23},"end":{"line":42,"column":39}},"29":{"start":{"line":43,"column":31},"end":{"line":43,"column":54}},"30":{"start":{"line":45,"column":2},"end":{"line":47,"column":3}},"31":{"start":{"line":46,"column":4},"end":{"line":46,"column":47}},"32":{"start":{"line":49,"column":2},"end":{"line":51,"column":3}},"33":{"start":{"line":49,"column":73},"end":{"line":49,"column":106}},"34":{"start":{"line":50,"column":4},"end":{"line":50,"column":47}},"35":{"start":{"line":53,"column":2},"end":{"line":53,"column":16}},"36":{"start":{"line":56,"column":0},"end":{"line":56,"column":45}}},"fnMap":{"0":{"name":"(anonymous_0)","decl":{"start":{"line":9,"column":21},"end":{"line":9,"column":22}},"loc":{"start":{"line":9,"column":47},"end":{"line":32,"column":1}},"line":9},"1":{"name":"(anonymous_1)","decl":{"start":{"line":35,"column":18},"end":{"line":35,"column":19}},"loc":{"start":{"line":35,"column":31},"end":{"line":54,"column":1}},"line":35},"2":{"name":"(anonymous_2)","decl":{"start":{"line":35,"column":31},"end":{"line":35,"column":32}},"loc":{"start":{"line":35,"column":51},"end":{"line":54,"column":1}},"line":35},"3":{"name":"(anonymous_3)","decl":{"start":{"line":49,"column":64},"end":{"line":49,"column":65}},"loc":{"start":{"line":49,"column":73},"end":{"line":49,"column":106}},"line":49}},"branchMap":{"0":{"loc":{"start":{"line":11,"column":2},"end":{"line":13,"column":3}},"type":"if","locations":[{"start":{"line":11,"column":2},"end":{"line":13,"column":3}},{"start":{},"end":{}}],"line":11},"1":{"loc":{"start":{"line":11,"column":6},"end":{"line":11,"column":54}},"type":"binary-expr","locations":[{"start":{"line":11,"column":6},"end":{"line":11,"column":17}},{"start":{"line":11,"column":21},"end":{"line":11,"column":54}}],"line":11},"2":{"loc":{"start":{"line":21,"column":4},"end":{"line":21,"column":67}},"type":"if","locations":[{"start":{"line":21,"column":4},"end":{"line":21,"column":67}},{"start":{},"end":{}}],"line":21},"3":{"loc":{"start":{"line":22,"column":4},"end":{"line":22,"column":87}},"type":"if","locations":[{"start":{"line":22,"column":4},"end":{"line":22,"column":87}},{"start":{},"end":{}}],"line":22},"4":{"loc":{"start":{"line":23,"column":4},"end":{"line":27,"column":5}},"type":"if","locations":[{"start":{"line":23,"column":4},"end":{"line":27,"column":5}},{"start":{"line":25,"column":11},"end":{"line":27,"column":5}}],"line":23},"5":{"loc":{"start":{"line":23,"column":8},"end":{"line":23,"column":54}},"type":"binary-expr","locations":[{"start":{"line":23,"column":8},"end":{"line":23,"column":15}},{"start":{"line":23,"column":19},"end":{"line":23,"column":54}}],"line":23},"6":{"loc":{"start":{"line":36,"column":2},"end":{"line":36,"column":74}},"type":"if","locations":[{"start":{"line":36,"column":2},"end":{"line":36,"column":74}},{"start":{},"end":{}}],"line":36},"7":{"loc":{"start":{"line":38,"column":15},"end":{"line":40,"column":21}},"type":"cond-expr","locations":[{"start":{"line":39,"column":6},"end":{"line":39,"column":13}},{"start":{"line":40,"column":6},"end":{"line":40,"column":21}}],"line":38},"8":{"loc":{"start":{"line":38,"column":15},"end":{"line":38,"column":90}},"type":"binary-expr","locations":[{"start":{"line":38,"column":15},"end":{"line":38,"column":32}},{"start":{"line":38,"column":36},"end":{"line":38,"column":63}},{"start":{"line":38,"column":67},"end":{"line":38,"column":90}}],"line":38},"9":{"loc":{"start":{"line":42,"column":23},"end":{"line":42,"column":39}},"type":"binary-expr","locations":[{"start":{"line":42,"column":23},"end":{"line":42,"column":33}},{"start":{"line":42,"column":37},"end":{"line":42,"column":39}}],"line":42},"10":{"loc":{"start":{"line":43,"column":31},"end":{"line":43,"column":54}},"type":"binary-expr","locations":[{"start":{"line":43,"column":31},"end":{"line":43,"column":48}},{"start":{"line":43,"column":52},"end":{"line":43,"column":54}}],"line":43},"11":{"loc":{"start":{"line":45,"column":2},"end":{"line":47,"column":3}},"type":"if","locations":[{"start":{"line":45,"column":2},"end":{"line":47,"column":3}},{"start":{},"end":{}}],"line":45},"12":{"loc":{"start":{"line":45,"column":6},"end":{"line":45,"column":66}},"type":"binary-expr","locations":[{"start":{"line":45,"column":6},"end":{"line":45,"column":25}},{"start":{"line":45,"column":29},"end":{"line":45,"column":66}}],"line":45},"13":{"loc":{"start":{"line":49,"column":2},"end":{"line":51,"column":3}},"type":"if","locations":[{"start":{"line":49,"column":2},"end":{"line":51,"column":3}},{"start":{},"end":{}}],"line":49},"14":{"loc":{"start":{"line":49,"column":6},"end":{"line":49,"column":107}},"type":"binary-expr","locations":[{"start":{"line":49,"column":6},"end":{"line":49,"column":33}},{"start":{"line":49,"column":37},"end":{"line":49,"column":107}}],"line":49}},"s":{"0":2,"1":2,"2":2,"3":2,"4":2,"5":2,"6":2,"7":5,"8":5,"9":1,"10":4,"11":4,"12":4,"13":3,"14":3,"15":1,"16":2,"17":1,"18":1,"19":0,"20":1,"21":1,"22":1,"23":2,"24":39,"25":5,"26":1,"27":4,"28":4,"29":4,"30":4,"31":1,"32":3,"33":2,"34":1,"35":2,"36":2},"f":{"0":5,"1":39,"2":5,"3":2},"b":{"0":[1,4],"1":[5,4],"2":[1,2],"3":[1,1],"4":[0,1],"5":[1,0],"6":[1,4],"7":[2,2],"8":[4,4,2],"9":[4,2],"10":[4,2],"11":[1,3],"12":[4,2],"13":[1,2],"14":[3,2]},"_coverageSchema":"1a1c01bbd47fc00a2c39e90264f33305004495a9","hash":"832e58d795b61927156dcb26a8d3b17d25dcd6ce"}
,"C:\\Users\\rrebucas\\FAHM-Server\\src\\middleware\\error.js": {"path":"C:\\Users\\rrebucas\\FAHM-Server\\src\\middleware\\error.js","statementMap":{"0":{"start":{"line":1,"column":15},"end":{"line":1,"column":41}},"1":{"start":{"line":3,"column":17},"end":{"line":6,"column":1}},"2":{"start":{"line":4,"column":2},"end":{"line":4,"column":18}},"3":{"start":{"line":5,"column":2},"end":{"line":5,"column":52}},"4":{"start":{"line":8,"column":21},"end":{"line":24,"column":1}},"5":{"start":{"line":10,"column":17},"end":{"line":10,"column":96}},"6":{"start":{"line":11,"column":21},"end":{"line":11,"column":51}},"7":{"start":{"line":12,"column":2},"end":{"line":18,"column":3}},"8":{"start":{"line":13,"column":4},"end":{"line":13,"column":33}},"9":{"start":{"line":14,"column":4},"end":{"line":14,"column":42}},"10":{"start":{"line":17,"column":4},"end":{"line":17,"column":42}},"11":{"start":{"line":19,"column":2},"end":{"line":23,"column":5}},"12":{"start":{"line":26,"column":0},"end":{"line":26,"column":44}}},"fnMap":{"0":{"name":"(anonymous_0)","decl":{"start":{"line":3,"column":17},"end":{"line":3,"column":18}},"loc":{"start":{"line":3,"column":37},"end":{"line":6,"column":1}},"line":3},"1":{"name":"(anonymous_1)","decl":{"start":{"line":8,"column":21},"end":{"line":8,"column":22}},"loc":{"start":{"line":8,"column":47},"end":{"line":24,"column":1}},"line":8}},"branchMap":{"0":{"loc":{"start":{"line":10,"column":17},"end":{"line":10,"column":96}},"type":"binary-expr","locations":[{"start":{"line":10,"column":17},"end":{"line":10,"column":27}},{"start":{"line":10,"column":31},"end":{"line":10,"column":45}},{"start":{"line":10,"column":50},"end":{"line":10,"column":95}}],"line":10},"1":{"loc":{"start":{"line":10,"column":50},"end":{"line":10,"column":95}},"type":"cond-expr","locations":[{"start":{"line":10,"column":75},"end":{"line":10,"column":89}},{"start":{"line":10,"column":92},"end":{"line":10,"column":95}}],"line":10},"2":{"loc":{"start":{"line":12,"column":2},"end":{"line":18,"column":3}},"type":"if","locations":[{"start":{"line":12,"column":2},"end":{"line":18,"column":3}},{"start":{"line":15,"column":9},"end":{"line":18,"column":3}}],"line":12},"3":{"loc":{"start":{"line":20,"column":13},"end":{"line":20,"column":42}},"type":"binary-expr","locations":[{"start":{"line":20,"column":13},"end":{"line":20,"column":24}},{"start":{"line":20,"column":28},"end":{"line":20,"column":42}}],"line":20},"4":{"loc":{"start":{"line":22,"column":11},"end":{"line":22,"column":72}},"type":"cond-expr","locations":[{"start":{"line":22,"column":51},"end":{"line":22,"column":60}},{"start":{"line":22,"column":63},"end":{"line":22,"column":72}}],"line":22}},"s":{"0":2,"1":2,"2":2,"3":2,"4":2,"5":3,"6":3,"7":3,"8":1,"9":1,"10":2,"11":3,"12":2},"f":{"0":2,"1":3},"b":{"0":[3,2,2],"1":[2,0],"2":[1,2],"3":[3,0],"4":[0,3]},"_coverageSchema":"1a1c01bbd47fc00a2c39e90264f33305004495a9","hash":"1c6e4a0fa807af8daf556f4dd3ada56f72a2bd13"}
,"C:\\Users\\rrebucas\\FAHM-Server\\src\\middleware\\uploadMiddleware.js": {"path":"C:\\Users\\rrebucas\\FAHM-Server\\src\\middleware\\uploadMiddleware.js","statementMap":{"0":{"start":{"line":1,"column":15},"end":{"line":1,"column":32}},"1":{"start":{"line":2,"column":13},"end":{"line":2,"column":28}},"2":{"start":{"line":3,"column":13},"end":{"line":3,"column":34}},"3":{"start":{"line":6,"column":27},"end":{"line":11,"column":1}},"4":{"start":{"line":14,"column":22},"end":{"line":14,"column":38}},"5":{"start":{"line":17,"column":16},"end":{"line":17,"column":38}},"6":{"start":{"line":20,"column":19},"end":{"line":41,"column":1}},"7":{"start":{"line":22,"column":2},"end":{"line":27,"column":3}},"8":{"start":{"line":23,"column":4},"end":{"line":26,"column":6}},"9":{"start":{"line":30,"column":14},"end":{"line":30,"column":59}},"10":{"start":{"line":31,"column":28},"end":{"line":31,"column":61}},"11":{"start":{"line":33,"column":2},"end":{"line":38,"column":3}},"12":{"start":{"line":34,"column":4},"end":{"line":37,"column":6}},"13":{"start":{"line":40,"column":2},"end":{"line":40,"column":17}},"14":{"start":{"line":44,"column":15},"end":{"line":51,"column":2}},"15":{"start":{"line":54,"column":26},"end":{"line":84,"column":1}},"16":{"start":{"line":55,"column":2},"end":{"line":74,"column":3}},"17":{"start":{"line":56,"column":4},"end":{"line":61,"column":5}},"18":{"start":{"line":57,"column":6},"end":{"line":60,"column":9}},"19":{"start":{"line":62,"column":4},"end":{"line":67,"column":5}},"20":{"start":{"line":63,"column":6},"end":{"line":66,"column":9}},"21":{"start":{"line":68,"column":4},"end":{"line":73,"column":5}},"22":{"start":{"line":69,"column":6},"end":{"line":72,"column":9}},"23":{"start":{"line":76,"column":2},"end":{"line":81,"column":3}},"24":{"start":{"line":77,"column":4},"end":{"line":80,"column":7}},"25":{"start":{"line":83,"column":2},"end":{"line":83,"column":12}},"26":{"start":{"line":86,"column":0},"end":{"line":92,"column":2}}},"fnMap":{"0":{"name":"(anonymous_0)","decl":{"start":{"line":20,"column":19},"end":{"line":20,"column":20}},"loc":{"start":{"line":20,"column":38},"end":{"line":41,"column":1}},"line":20},"1":{"name":"(anonymous_1)","decl":{"start":{"line":54,"column":26},"end":{"line":54,"column":27}},"loc":{"start":{"line":54,"column":51},"end":{"line":84,"column":1}},"line":54}},"branchMap":{"0":{"loc":{"start":{"line":22,"column":2},"end":{"line":27,"column":3}},"type":"if","locations":[{"start":{"line":22,"column":2},"end":{"line":27,"column":3}},{"start":{},"end":{}}],"line":22},"1":{"loc":{"start":{"line":33,"column":2},"end":{"line":38,"column":3}},"type":"if","locations":[{"start":{"line":33,"column":2},"end":{"line":38,"column":3}},{"start":{},"end":{}}],"line":33},"2":{"loc":{"start":{"line":55,"column":2},"end":{"line":74,"column":3}},"type":"if","locations":[{"start":{"line":55,"column":2},"end":{"line":74,"column":3}},{"start":{},"end":{}}],"line":55},"3":{"loc":{"start":{"line":56,"column":4},"end":{"line":61,"column":5}},"type":"if","locations":[{"start":{"line":56,"column":4},"end":{"line":61,"column":5}},{"start":{},"end":{}}],"line":56},"4":{"loc":{"start":{"line":62,"column":4},"end":{"line":67,"column":5}},"type":"if","locations":[{"start":{"line":62,"column":4},"end":{"line":67,"column":5}},{"start":{},"end":{}}],"line":62},"5":{"loc":{"start":{"line":68,"column":4},"end":{"line":73,"column":5}},"type":"if","locations":[{"start":{"line":68,"column":4},"end":{"line":73,"column":5}},{"start":{},"end":{}}],"line":68},"6":{"loc":{"start":{"line":76,"column":2},"end":{"line":81,"column":3}},"type":"if","locations":[{"start":{"line":76,"column":2},"end":{"line":81,"column":3}},{"start":{},"end":{}}],"line":76}},"s":{"0":2,"1":2,"2":2,"3":2,"4":2,"5":2,"6":2,"7":3,"8":1,"9":2,"10":2,"11":2,"12":1,"13":1,"14":2,"15":2,"16":4,"17":3,"18":1,"19":2,"20":1,"21":1,"22":1,"23":1,"24":1,"25":0,"26":2},"f":{"0":3,"1":4},"b":{"0":[1,2],"1":[1,1],"2":[3,1],"3":[1,2],"4":[1,1],"5":[1,0],"6":[1,0]},"_coverageSchema":"1a1c01bbd47fc00a2c39e90264f33305004495a9","hash":"8e8390d459ed93659ac3160a26d1dbc9dd3951ce"}
,"C:\\Users\\rrebucas\\FAHM-Server\\src\\services\\tokenService.js": {"path":"C:\\Users\\rrebucas\\FAHM-Server\\src\\services\\tokenService.js","statementMap":{"0":{"start":{"line":1,"column":12},"end":{"line":1,"column":35}},"1":{"start":{"line":2,"column":22},"end":{"line":2,"column":46}},"2":{"start":{"line":4,"column":13},"end":{"line":15,"column":1}},"3":{"start":{"line":5,"column":18},"end":{"line":5,"column":37}},"4":{"start":{"line":6,"column":2},"end":{"line":14,"column":4}},"5":{"start":{"line":17,"column":0},"end":{"line":17,"column":26}}},"fnMap":{"0":{"name":"(anonymous_0)","decl":{"start":{"line":4,"column":13},"end":{"line":4,"column":14}},"loc":{"start":{"line":4,"column":23},"end":{"line":15,"column":1}},"line":4}},"branchMap":{"0":{"loc":{"start":{"line":5,"column":18},"end":{"line":5,"column":37}},"type":"binary-expr","locations":[{"start":{"line":5,"column":18},"end":{"line":5,"column":26}},{"start":{"line":5,"column":30},"end":{"line":5,"column":37}}],"line":5}},"s":{"0":3,"1":3,"2":3,"3":1,"4":1,"5":3},"f":{"0":1},"b":{"0":[1,0]},"_coverageSchema":"1a1c01bbd47fc00a2c39e90264f33305004495a9","hash":"2b564dd503e9e5cc5b7410da2c06558ab785b3fd"}
,"C:\\Users\\rrebucas\\FAHM-Server\\src\\utils\\asyncHandler.js": {"path":"C:\\Users\\rrebucas\\FAHM-Server\\src\\utils\\asyncHandler.js","statementMap":{"0":{"start":{"line":1,"column":0},"end":{"line":3,"column":2}},"1":{"start":{"line":1,"column":25},"end":{"line":3,"column":1}},"2":{"start":{"line":2,"column":2},"end":{"line":2,"column":50}}},"fnMap":{"0":{"name":"(anonymous_0)","decl":{"start":{"line":1,"column":17},"end":{"line":1,"column":18}},"loc":{"start":{"line":1,"column":25},"end":{"line":3,"column":1}},"line":1},"1":{"name":"(anonymous_1)","decl":{"start":{"line":1,"column":25},"end":{"line":1,"column":26}},"loc":{"start":{"line":1,"column":45},"end":{"line":3,"column":1}},"line":1}},"branchMap":{},"s":{"0":1,"1":2,"2":2},"f":{"0":2,"1":2},"b":{},"_coverageSchema":"1a1c01bbd47fc00a2c39e90264f33305004495a9","hash":"8b910fd0c38430e05d46c07f14cd529d69ad15b5"}
,"C:\\Users\\rrebucas\\FAHM-Server\\src\\utils\\audit.js": {"path":"C:\\Users\\rrebucas\\FAHM-Server\\src\\utils\\audit.js","statementMap":{"0":{"start":{"line":1,"column":17},"end":{"line":1,"column":46}},"1":{"start":{"line":2,"column":15},"end":{"line":2,"column":34}},"2":{"start":{"line":15,"column":2},"end":{"line":46,"column":3}},"3":{"start":{"line":16,"column":18},"end":{"line":22,"column":5}},"4":{"start":{"line":23,"column":4},"end":{"line":27,"column":5}},"5":{"start":{"line":24,"column":6},"end":{"line":24,"column":49}},"6":{"start":{"line":25,"column":6},"end":{"line":25,"column":24}},"7":{"start":{"line":26,"column":6},"end":{"line":26,"column":50}},"8":{"start":{"line":29,"column":4},"end":{"line":38,"column":7}},"9":{"start":{"line":41,"column":4},"end":{"line":45,"column":5}},"10":{"start":{"line":42,"column":6},"end":{"line":42,"column":72}},"11":{"start":{"line":44,"column":6},"end":{"line":44,"column":71}},"12":{"start":{"line":49,"column":0},"end":{"line":49,"column":27}}},"fnMap":{"0":{"name":"audit","decl":{"start":{"line":14,"column":15},"end":{"line":14,"column":20}},"loc":{"start":{"line":14,"column":34},"end":{"line":47,"column":1}},"line":14}},"branchMap":{"0":{"loc":{"start":{"line":20,"column":14},"end":{"line":20,"column":40}},"type":"binary-expr","locations":[{"start":{"line":20,"column":14},"end":{"line":20,"column":27}},{"start":{"line":20,"column":31},"end":{"line":20,"column":40}}],"line":20},"1":{"loc":{"start":{"line":23,"column":4},"end":{"line":27,"column":5}},"type":"if","locations":[{"start":{"line":23,"column":4},"end":{"line":27,"column":5}},{"start":{},"end":{}}],"line":23},"2":{"loc":{"start":{"line":24,"column":19},"end":{"line":24,"column":48}},"type":"binary-expr","locations":[{"start":{"line":24,"column":19},"end":{"line":24,"column":32}},{"start":{"line":24,"column":36},"end":{"line":24,"column":48}}],"line":24},"3":{"loc":{"start":{"line":41,"column":4},"end":{"line":45,"column":5}},"type":"if","locations":[{"start":{"line":41,"column":4},"end":{"line":45,"column":5}},{"start":{"line":43,"column":11},"end":{"line":45,"column":5}}],"line":41}},"s":{"0":3,"1":3,"2":2,"3":2,"4":2,"5":1,"6":1,"7":1,"8":2,"9":1,"10":0,"11":1,"12":3},"f":{"0":2},"b":{"0":[2,2],"1":[1,1],"2":[1,0],"3":[0,1]},"_coverageSchema":"1a1c01bbd47fc00a2c39e90264f33305004495a9","hash":"66167bc836bb67d925d8d24b270cd2d951ecb2f3"}
,"C:\\Users\\rrebucas\\FAHM-Server\\src\\utils\\logger.js": {"path":"C:\\Users\\rrebucas\\FAHM-Server\\src\\utils\\logger.js","statementMap":{"0":{"start":{"line":1,"column":15},"end":{"line":1,"column":49}},"1":{"start":{"line":3,"column":19},"end":{"line":3,"column":51}},"2":{"start":{"line":3,"column":30},"end":{"line":3,"column":51}},"3":{"start":{"line":5,"column":21},"end":{"line":5,"column":52}},"4":{"start":{"line":7,"column":12},"end":{"line":27,"column":1}},"5":{"start":{"line":8,"column":2},"end":{"line":10,"column":3}},"6":{"start":{"line":9,"column":4},"end":{"line":9,"column":11}},"7":{"start":{"line":12,"column":20},"end":{"line":12,"column":31}},"8":{"start":{"line":13,"column":21},"end":{"line":13,"column":34}},"9":{"start":{"line":14,"column":2},"end":{"line":14,"column":23}},"10":{"start":{"line":16,"column":18},"end":{"line":24,"column":3}},"11":{"start":{"line":26,"column":2},"end":{"line":26,"column":39}},"12":{"start":{"line":29,"column":14},"end":{"line":39,"column":1}},"13":{"start":{"line":30,"column":19},"end":{"line":30,"column":57}},"14":{"start":{"line":30,"column":31},"end":{"line":30,"column":56}},"15":{"start":{"line":31,"column":14},"end":{"line":36,"column":3}},"16":{"start":{"line":32,"column":26},"end":{"line":32,"column":59}},"17":{"start":{"line":33,"column":25},"end":{"line":33,"column":57}},"18":{"start":{"line":34,"column":25},"end":{"line":34,"column":57}},"19":{"start":{"line":35,"column":26},"end":{"line":35,"column":59}},"20":{"start":{"line":37,"column":2},"end":{"line":37,"column":51}},"21":{"start":{"line":37,"column":29},"end":{"line":37,"column":50}},"22":{"start":{"line":38,"column":2},"end":{"line":38,"column":13}},"23":{"start":{"line":41,"column":0},"end":{"line":47,"column":2}},"24":{"start":{"line":42,"column":24},"end":{"line":42,"column":47}},"25":{"start":{"line":43,"column":23},"end":{"line":43,"column":45}},"26":{"start":{"line":44,"column":23},"end":{"line":44,"column":45}},"27":{"start":{"line":45,"column":24},"end":{"line":45,"column":47}}},"fnMap":{"0":{"name":"(anonymous_0)","decl":{"start":{"line":3,"column":19},"end":{"line":3,"column":20}},"loc":{"start":{"line":3,"column":30},"end":{"line":3,"column":51}},"line":3},"1":{"name":"(anonymous_1)","decl":{"start":{"line":7,"column":12},"end":{"line":7,"column":13}},"loc":{"start":{"line":7,"column":43},"end":{"line":27,"column":1}},"line":7},"2":{"name":"(anonymous_2)","decl":{"start":{"line":29,"column":14},"end":{"line":29,"column":15}},"loc":{"start":{"line":29,"column":33},"end":{"line":39,"column":1}},"line":29},"3":{"name":"(anonymous_3)","decl":{"start":{"line":30,"column":19},"end":{"line":30,"column":20}},"loc":{"start":{"line":30,"column":31},"end":{"line":30,"column":56}},"line":30},"4":{"name":"(anonymous_4)","decl":{"start":{"line":32,"column":11},"end":{"line":32,"column":12}},"loc":{"start":{"line":32,"column":26},"end":{"line":32,"column":59}},"line":32},"5":{"name":"(anonymous_5)","decl":{"start":{"line":33,"column":10},"end":{"line":33,"column":11}},"loc":{"start":{"line":33,"column":25},"end":{"line":33,"column":57}},"line":33},"6":{"name":"(anonymous_6)","decl":{"start":{"line":34,"column":10},"end":{"line":34,"column":11}},"loc":{"start":{"line":34,"column":25},"end":{"line":34,"column":57}},"line":34},"7":{"name":"(anonymous_7)","decl":{"start":{"line":35,"column":11},"end":{"line":35,"column":12}},"loc":{"start":{"line":35,"column":26},"end":{"line":35,"column":59}},"line":35},"8":{"name":"(anonymous_8)","decl":{"start":{"line":37,"column":14},"end":{"line":37,"column":15}},"loc":{"start":{"line":37,"column":29},"end":{"line":37,"column":50}},"line":37},"9":{"name":"(anonymous_9)","decl":{"start":{"line":42,"column":9},"end":{"line":42,"column":10}},"loc":{"start":{"line":42,"column":24},"end":{"line":42,"column":47}},"line":42},"10":{"name":"(anonymous_10)","decl":{"start":{"line":43,"column":8},"end":{"line":43,"column":9}},"loc":{"start":{"line":43,"column":23},"end":{"line":43,"column":45}},"line":43},"11":{"name":"(anonymous_11)","decl":{"start":{"line":44,"column":8},"end":{"line":44,"column":9}},"loc":{"start":{"line":44,"column":23},"end":{"line":44,"column":45}},"line":44},"12":{"name":"(anonymous_12)","decl":{"start":{"line":45,"column":9},"end":{"line":45,"column":10}},"loc":{"start":{"line":45,"column":24},"end":{"line":45,"column":47}},"line":45}},"branchMap":{"0":{"loc":{"start":{"line":5,"column":21},"end":{"line":5,"column":52}},"type":"binary-expr","locations":[{"start":{"line":5,"column":21},"end":{"line":5,"column":42}},{"start":{"line":5,"column":46},"end":{"line":5,"column":52}}],"line":5},"1":{"loc":{"start":{"line":7,"column":29},"end":{"line":7,"column":38}},"type":"default-arg","locations":[{"start":{"line":7,"column":36},"end":{"line":7,"column":38}}],"line":7},"2":{"loc":{"start":{"line":8,"column":2},"end":{"line":10,"column":3}},"type":"if","locations":[{"start":{"line":8,"column":2},"end":{"line":10,"column":3}},{"start":{},"end":{}}],"line":8},"3":{"loc":{"start":{"line":29,"column":15},"end":{"line":29,"column":28}},"type":"default-arg","locations":[{"start":{"line":29,"column":26},"end":{"line":29,"column":28}}],"line":29},"4":{"loc":{"start":{"line":37,"column":15},"end":{"line":37,"column":24}},"type":"default-arg","locations":[{"start":{"line":37,"column":22},"end":{"line":37,"column":24}}],"line":37}},"s":{"0":10,"1":10,"2":38,"3":10,"4":10,"5":19,"6":18,"7":1,"8":1,"9":1,"10":1,"11":1,"12":10,"13":3,"14":0,"15":3,"16":0,"17":0,"18":0,"19":0,"20":3,"21":0,"22":3,"23":10,"24":0,"25":7,"26":9,"27":3},"f":{"0":38,"1":19,"2":3,"3":0,"4":0,"5":0,"6":0,"7":0,"8":0,"9":0,"10":7,"11":9,"12":3},"b":{"0":[10,0],"1":[10],"2":[18,1],"3":[0],"4":[0]},"_coverageSchema":"1a1c01bbd47fc00a2c39e90264f33305004495a9","hash":"1ec5c1949ffa5c8122cdd78b8ae454e6d9043a58"}
}
