TN:
SF:src\app.js
FN:20,(anonymous_0)
FN:25,(anonymous_1)
FN:39,(anonymous_2)
FN:46,(anonymous_3)
FN:53,(anonymous_4)
FNF:5
FNH:4
FNDA:4,(anonymous_0)
FNDA:4,(anonymous_1)
FNDA:4,(anonymous_2)
FNDA:1,(anonymous_3)
FNDA:0,(anonymous_4)
DA:1,2
DA:2,2
DA:3,2
DA:4,2
DA:5,2
DA:6,2
DA:7,2
DA:8,2
DA:9,2
DA:10,2
DA:11,2
DA:13,2
DA:15,2
DA:17,2
DA:18,2
DA:20,4
DA:22,2
DA:26,4
DA:27,4
DA:29,0
DA:33,2
DA:34,2
DA:35,2
DA:36,2
DA:39,2
DA:40,4
DA:41,4
DA:42,4
DA:43,4
DA:46,2
DA:49,2
DA:53,2
DA:54,0
DA:55,0
DA:58,2
DA:60,2
DA:61,2
DA:63,2
LF:38
LH:35
BRDA:18,0,0,2
BRDA:18,0,1,0
BRDA:23,1,0,0
BRDA:23,1,1,2
BRDA:26,2,0,4
BRDA:26,2,1,0
BRDA:26,3,0,4
BRDA:26,3,1,0
BRDA:40,4,0,4
BRDA:40,4,1,4
BRF:10
BRH:6
end_of_record
TN:
SF:src\controllers\authController.js
FN:8,(anonymous_0)
FN:16,(anonymous_1)
FN:46,(anonymous_2)
FN:75,(anonymous_3)
FN:100,(anonymous_4)
FNF:5
FNH:5
FNDA:5,(anonymous_0)
FNDA:2,(anonymous_1)
FNDA:2,(anonymous_2)
FNDA:1,(anonymous_3)
FNDA:4,(anonymous_4)
DA:1,3
DA:2,3
DA:3,3
DA:4,3
DA:5,3
DA:6,3
DA:8,3
DA:9,5
DA:10,5
DA:16,3
DA:17,2
DA:18,2
DA:19,2
DA:20,0
DA:22,2
DA:24,2
DA:25,2
DA:26,1
DA:28,1
DA:29,1
DA:30,1
DA:34,1
DA:35,1
DA:41,0
DA:42,0
DA:46,3
DA:47,2
DA:48,2
DA:49,2
DA:50,0
DA:52,2
DA:54,2
DA:55,2
DA:56,1
DA:57,1
DA:58,1
DA:59,1
DA:63,1
DA:64,1
DA:70,0
DA:71,0
DA:75,3
DA:76,1
DA:77,1
DA:78,1
DA:79,0
DA:81,1
DA:82,1
DA:87,1
DA:88,1
DA:89,0
DA:91,1
DA:92,1
DA:93,1
DA:95,0
DA:96,0
DA:100,3
DA:101,4
DA:102,4
DA:103,4
DA:104,0
DA:107,4
DA:108,1
DA:111,3
DA:112,3
DA:114,3
DA:115,2
DA:120,2
DA:121,1
DA:123,1
DA:125,1
DA:127,2
DA:135,2
DA:137,0
DA:138,0
LF:75
LH:62
BRDA:8,0,0,0
BRDA:9,1,0,5
BRDA:9,1,1,3
BRDA:12,2,0,5
BRDA:12,2,1,4
BRDA:19,3,0,0
BRDA:19,3,1,2
BRDA:25,4,0,1
BRDA:25,4,1,1
BRDA:49,5,0,0
BRDA:49,5,1,2
BRDA:55,6,0,1
BRDA:55,6,1,1
BRDA:57,7,0,0
BRDA:57,7,1,1
BRDA:78,8,0,0
BRDA:78,8,1,1
BRDA:88,9,0,0
BRDA:88,9,1,1
BRDA:103,10,0,0
BRDA:103,10,1,4
BRDA:107,11,0,1
BRDA:107,11,1,3
BRDA:114,12,0,2
BRDA:114,12,1,1
BRDA:120,13,0,1
BRDA:120,13,1,1
BRDA:123,14,0,1
BRDA:123,14,1,0
BRF:29
BRH:21
end_of_record
TN:
SF:src\controllers\documentController.js
FN:7,(anonymous_0)
FN:16,(anonymous_1)
FN:95,(anonymous_2)
FNF:3
FNH:3
FNDA:1,(anonymous_0)
FNDA:3,(anonymous_1)
FNDA:2,(anonymous_2)
DA:1,3
DA:2,3
DA:3,3
DA:4,3
DA:5,3
DA:7,3
DA:8,1
DA:9,1
DA:10,1
DA:12,0
DA:16,3
DA:17,3
DA:18,3
DA:19,3
DA:20,0
DA:23,3
DA:25,3
DA:26,1
DA:29,2
DA:30,0
DA:33,2
DA:34,0
DA:37,2
DA:38,2
DA:39,1
DA:49,1
DA:52,1
DA:53,1
DA:54,1
DA:56,1
DA:70,1
DA:80,1
DA:82,0
DA:91,0
DA:95,3
DA:96,2
DA:97,2
DA:98,2
DA:99,1
DA:100,1
DA:101,1
DA:110,1
DA:112,0
LF:43
LH:36
BRDA:19,0,0,0
BRDA:19,0,1,3
BRDA:23,1,0,0
BRDA:25,2,0,1
BRDA:25,2,1,2
BRDA:29,3,0,0
BRDA:29,3,1,2
BRDA:29,4,0,2
BRDA:29,4,1,2
BRDA:33,5,0,0
BRDA:33,5,1,2
BRDA:38,6,0,1
BRDA:38,6,1,1
BRDA:98,7,0,1
BRDA:98,7,1,1
BRF:15
BRH:11
end_of_record
TN:
SF:src\middleware\auth.js
FN:9,(anonymous_0)
FN:35,(anonymous_1)
FN:35,(anonymous_2)
FN:49,(anonymous_3)
FNF:4
FNH:4
FNDA:7,(anonymous_0)
FNDA:89,(anonymous_1)
FNDA:5,(anonymous_2)
FNDA:2,(anonymous_3)
DA:1,3
DA:2,3
DA:3,3
DA:4,3
DA:5,3
DA:6,3
DA:9,3
DA:10,7
DA:11,7
DA:12,1
DA:15,6
DA:16,6
DA:17,6
DA:19,5
DA:21,5
DA:22,4
DA:23,3
DA:24,2
DA:26,1
DA:28,3
DA:30,1
DA:35,89
DA:36,5
DA:38,4
DA:42,4
DA:43,4
DA:45,4
DA:46,1
DA:49,3
DA:50,1
DA:53,2
DA:56,3
LF:32
LH:32
BRDA:11,0,0,1
BRDA:11,0,1,6
BRDA:11,1,0,7
BRDA:11,1,1,6
BRDA:21,2,0,1
BRDA:21,2,1,4
BRDA:22,3,0,1
BRDA:22,3,1,3
BRDA:23,4,0,2
BRDA:23,4,1,1
BRDA:23,5,0,3
BRDA:23,5,1,2
BRDA:36,6,0,1
BRDA:36,6,1,4
BRDA:38,7,0,2
BRDA:38,7,1,2
BRDA:38,8,0,4
BRDA:38,8,1,4
BRDA:38,8,2,2
BRDA:42,9,0,4
BRDA:42,9,1,2
BRDA:43,10,0,4
BRDA:43,10,1,2
BRDA:45,11,0,1
BRDA:45,11,1,3
BRDA:45,12,0,4
BRDA:45,12,1,2
BRDA:49,13,0,1
BRDA:49,13,1,2
BRDA:49,14,0,3
BRDA:49,14,1,2
BRF:31
BRH:31
end_of_record
TN:
SF:src\middleware\error.js
FN:3,(anonymous_0)
FN:8,(anonymous_1)
FNF:2
FNH:2
FNDA:2,(anonymous_0)
FNDA:3,(anonymous_1)
DA:1,3
DA:3,3
DA:4,2
DA:5,2
DA:8,3
DA:10,3
DA:11,3
DA:12,3
DA:13,1
DA:14,1
DA:17,2
DA:19,3
DA:26,3
LF:13
LH:13
BRDA:10,0,0,3
BRDA:10,0,1,2
BRDA:10,0,2,2
BRDA:10,1,0,2
BRDA:10,1,1,0
BRDA:12,2,0,1
BRDA:12,2,1,2
BRDA:20,3,0,3
BRDA:20,3,1,0
BRDA:22,4,0,0
BRDA:22,4,1,3
BRF:11
BRH:8
end_of_record
TN:
SF:src\middleware\uploadMiddleware.js
FN:20,(anonymous_0)
FN:58,(anonymous_1)
FNF:2
FNH:2
FNDA:5,(anonymous_0)
FNDA:5,(anonymous_1)
DA:1,3
DA:2,3
DA:6,3
DA:14,3
DA:17,3
DA:20,3
DA:23,5
DA:28,2
DA:35,3
DA:36,3
DA:37,3
DA:38,1
DA:44,2
DA:48,3
DA:58,3
DA:59,5
DA:60,3
DA:61,1
DA:66,2
DA:67,1
DA:72,1
DA:73,1
DA:80,2
DA:81,2
DA:87,0
DA:90,3
LF:26
LH:25
BRDA:23,0,0,2
BRDA:23,0,1,3
BRDA:24,1,0,5
BRDA:24,1,1,5
BRDA:24,1,2,5
BRDA:37,2,0,1
BRDA:37,2,1,2
BRDA:59,3,0,3
BRDA:59,3,1,2
BRDA:60,4,0,1
BRDA:60,4,1,2
BRDA:66,5,0,1
BRDA:66,5,1,1
BRDA:72,6,0,1
BRDA:72,6,1,0
BRDA:80,7,0,2
BRDA:80,7,1,0
BRF:17
BRH:15
end_of_record
TN:
SF:src\services\tokenService.js
FN:4,(anonymous_0)
FNF:1
FNH:1
FNDA:1,(anonymous_0)
DA:1,4
DA:2,4
DA:4,4
DA:5,1
DA:6,1
DA:17,4
LF:6
LH:6
BRDA:5,0,0,1
BRDA:5,0,1,0
BRF:2
BRH:1
end_of_record
TN:
SF:src\utils\asyncHandler.js
FN:1,(anonymous_0)
FN:1,(anonymous_1)
FNF:2
FNH:2
FNDA:2,(anonymous_0)
FNDA:2,(anonymous_1)
DA:1,2
DA:2,2
LF:2
LH:2
BRF:0
BRH:0
end_of_record
TN:
SF:src\utils\audit.js
FN:14,audit
FNF:1
FNH:1
FNDA:2,audit
DA:1,4
DA:2,4
DA:15,2
DA:16,2
DA:23,2
DA:24,1
DA:25,1
DA:26,1
DA:29,2
DA:41,1
DA:42,0
DA:44,1
DA:49,4
LF:13
LH:12
BRDA:20,0,0,2
BRDA:20,0,1,2
BRDA:23,1,0,1
BRDA:23,1,1,1
BRDA:24,2,0,1
BRDA:24,2,1,0
BRDA:41,3,0,0
BRDA:41,3,1,1
BRF:8
BRH:6
end_of_record
TN:
SF:src\utils\logger.js
FN:3,(anonymous_0)
FN:7,(anonymous_1)
FN:29,(anonymous_2)
FN:30,(anonymous_3)
FN:32,(anonymous_4)
FN:33,(anonymous_5)
FN:34,(anonymous_6)
FN:35,(anonymous_7)
FN:37,(anonymous_8)
FN:42,(anonymous_9)
FN:43,(anonymous_10)
FN:44,(anonymous_11)
FN:45,(anonymous_12)
FNF:13
FNH:8
FNDA:48,(anonymous_0)
FNDA:24,(anonymous_1)
FNDA:7,(anonymous_2)
FNDA:2,(anonymous_3)
FNDA:0,(anonymous_4)
FNDA:0,(anonymous_5)
FNDA:0,(anonymous_6)
FNDA:0,(anonymous_7)
FNDA:2,(anonymous_8)
FNDA:0,(anonymous_9)
FNDA:10,(anonymous_10)
FNDA:11,(anonymous_11)
FNDA:3,(anonymous_12)
DA:1,11
DA:3,48
DA:5,11
DA:7,11
DA:8,24
DA:9,23
DA:12,1
DA:13,1
DA:14,1
DA:16,1
DA:26,1
DA:29,11
DA:30,7
DA:31,7
DA:32,0
DA:33,0
DA:34,0
DA:35,0
DA:37,7
DA:38,7
DA:41,11
DA:42,0
DA:43,10
DA:44,11
DA:45,3
LF:25
LH:20
BRDA:5,0,0,11
BRDA:5,0,1,0
BRDA:7,1,0,14
BRDA:8,2,0,23
BRDA:8,2,1,1
BRDA:29,3,0,0
BRDA:37,4,0,0
BRF:7
BRH:4
end_of_record
