TN:
SF:src\app.js
FN:18,(anonymous_0)
FN:25,(anonymous_1)
FNF:2
FNH:1
FNDA:1,(anonymous_0)
FNDA:0,(anonymous_1)
DA:1,1
DA:2,1
DA:3,1
DA:4,1
DA:5,1
DA:6,1
DA:7,1
DA:8,1
DA:10,1
DA:12,1
DA:13,1
DA:14,1
DA:15,1
DA:16,1
DA:18,1
DA:21,1
DA:25,1
DA:26,0
DA:27,0
DA:30,1
DA:32,1
DA:33,1
DA:35,1
LF:23
LH:21
BRF:0
BRH:0
end_of_record
TN:
SF:src\controllers\authController.js
FN:7,(anonymous_0)
FN:28,(anonymous_1)
FNF:2
FNH:2
FNDA:2,(anonymous_0)
FNDA:2,(anonymous_1)
DA:1,2
DA:2,2
DA:3,2
DA:4,2
DA:5,2
DA:7,2
DA:8,2
DA:9,2
DA:10,2
DA:11,0
DA:13,2
DA:14,2
DA:15,2
DA:16,1
DA:18,1
DA:19,1
DA:20,1
DA:21,1
DA:23,0
DA:24,0
DA:28,2
DA:29,2
DA:30,2
DA:31,2
DA:32,0
DA:34,2
DA:35,2
DA:36,2
DA:37,1
DA:38,1
DA:39,1
DA:40,1
DA:41,1
DA:43,0
DA:44,0
LF:35
LH:29
BRDA:10,0,0,0
BRDA:10,0,1,2
BRDA:15,1,0,1
BRDA:15,1,1,1
BRDA:31,2,0,0
BRDA:31,2,1,2
BRDA:36,3,0,1
BRDA:36,3,1,1
BRDA:38,4,0,0
BRDA:38,4,1,1
BRF:10
BRH:7
end_of_record
TN:
SF:src\controllers\documentController.js
FN:7,(anonymous_0)
FN:16,(anonymous_1)
FN:95,(anonymous_2)
FNF:3
FNH:3
FNDA:1,(anonymous_0)
FNDA:3,(anonymous_1)
FNDA:2,(anonymous_2)
DA:1,2
DA:2,2
DA:3,2
DA:4,2
DA:5,2
DA:7,2
DA:8,1
DA:9,1
DA:10,1
DA:12,0
DA:16,2
DA:17,3
DA:18,3
DA:19,3
DA:20,0
DA:23,3
DA:25,3
DA:26,1
DA:29,2
DA:30,0
DA:33,2
DA:34,0
DA:37,2
DA:38,2
DA:39,1
DA:49,1
DA:52,1
DA:53,1
DA:54,1
DA:56,1
DA:70,1
DA:80,1
DA:82,0
DA:91,0
DA:95,2
DA:96,2
DA:97,2
DA:98,2
DA:99,1
DA:100,1
DA:101,1
DA:110,1
DA:112,0
LF:43
LH:36
BRDA:19,0,0,0
BRDA:19,0,1,3
BRDA:23,1,0,0
BRDA:25,2,0,1
BRDA:25,2,1,2
BRDA:29,3,0,0
BRDA:29,3,1,2
BRDA:29,4,0,2
BRDA:29,4,1,2
BRDA:33,5,0,0
BRDA:33,5,1,2
BRDA:38,6,0,1
BRDA:38,6,1,1
BRDA:98,7,0,1
BRDA:98,7,1,1
BRF:15
BRH:11
end_of_record
TN:
SF:src\middleware\auth.js
FN:6,(anonymous_0)
FN:23,(anonymous_1)
FN:23,(anonymous_2)
FNF:3
FNH:3
FNDA:4,(anonymous_0)
FNDA:34,(anonymous_1)
FNDA:3,(anonymous_2)
DA:1,2
DA:2,2
DA:3,2
DA:4,2
DA:6,2
DA:7,4
DA:8,4
DA:9,1
DA:12,3
DA:13,3
DA:14,3
DA:15,2
DA:16,2
DA:17,1
DA:19,1
DA:23,34
DA:24,3
DA:25,2
DA:26,1
DA:28,1
DA:31,2
LF:21
LH:21
BRDA:8,0,0,1
BRDA:8,0,1,3
BRDA:8,1,0,4
BRDA:8,1,1,3
BRDA:16,2,0,1
BRDA:16,2,1,1
BRDA:24,3,0,1
BRDA:24,3,1,2
BRDA:25,4,0,1
BRDA:25,4,1,1
BRDA:25,5,0,2
BRDA:25,5,1,2
BRF:12
BRH:12
end_of_record
TN:
SF:src\middleware\error.js
FN:3,(anonymous_0)
FN:8,(anonymous_1)
FNF:2
FNH:2
FNDA:2,(anonymous_0)
FNDA:3,(anonymous_1)
DA:1,2
DA:3,2
DA:4,2
DA:5,2
DA:8,2
DA:10,3
DA:11,3
DA:12,3
DA:13,1
DA:14,1
DA:17,2
DA:19,3
DA:26,2
LF:13
LH:13
BRDA:10,0,0,3
BRDA:10,0,1,2
BRDA:10,0,2,2
BRDA:10,1,0,2
BRDA:10,1,1,0
BRDA:12,2,0,1
BRDA:12,2,1,2
BRDA:20,3,0,3
BRDA:20,3,1,0
BRDA:22,4,0,0
BRDA:22,4,1,3
BRF:11
BRH:8
end_of_record
TN:
SF:src\middleware\uploadMiddleware.js
FN:20,(anonymous_0)
FN:54,(anonymous_1)
FNF:2
FNH:2
FNDA:3,(anonymous_0)
FNDA:4,(anonymous_1)
DA:1,2
DA:2,2
DA:3,2
DA:6,2
DA:14,2
DA:17,2
DA:20,2
DA:22,3
DA:23,1
DA:30,2
DA:31,2
DA:33,2
DA:34,1
DA:40,1
DA:44,2
DA:54,2
DA:55,4
DA:56,3
DA:57,1
DA:62,2
DA:63,1
DA:68,1
DA:69,1
DA:76,1
DA:77,1
DA:83,0
DA:86,2
LF:27
LH:26
BRDA:22,0,0,1
BRDA:22,0,1,2
BRDA:33,1,0,1
BRDA:33,1,1,1
BRDA:55,2,0,3
BRDA:55,2,1,1
BRDA:56,3,0,1
BRDA:56,3,1,2
BRDA:62,4,0,1
BRDA:62,4,1,1
BRDA:68,5,0,1
BRDA:68,5,1,0
BRDA:76,6,0,1
BRDA:76,6,1,0
BRF:14
BRH:12
end_of_record
TN:
SF:src\services\tokenService.js
FN:4,(anonymous_0)
FNF:1
FNH:1
FNDA:1,(anonymous_0)
DA:1,3
DA:2,3
DA:4,3
DA:5,1
DA:15,3
LF:5
LH:5
BRF:0
BRH:0
end_of_record
TN:
SF:src\utils\asyncHandler.js
FN:1,(anonymous_0)
FN:1,(anonymous_1)
FNF:2
FNH:2
FNDA:2,(anonymous_0)
FNDA:2,(anonymous_1)
DA:1,2
DA:2,2
LF:2
LH:2
BRF:0
BRH:0
end_of_record
TN:
SF:src\utils\audit.js
FN:13,audit
FNF:1
FNH:1
FNDA:2,audit
DA:1,2
DA:14,2
DA:15,2
DA:22,2
DA:23,1
DA:24,1
DA:25,1
DA:27,2
DA:32,1
DA:36,2
LF:10
LH:10
BRDA:19,0,0,2
BRDA:19,0,1,2
BRDA:22,1,0,1
BRDA:22,1,1,1
BRF:4
BRH:4
end_of_record
TN:
SF:src\utils\logger.js
FN:3,(anonymous_0)
FN:7,(anonymous_1)
FN:20,(anonymous_2)
FN:21,(anonymous_3)
FN:22,(anonymous_4)
FN:23,(anonymous_5)
FNF:6
FNH:5
FNDA:18,(anonymous_0)
FNDA:9,(anonymous_1)
FNDA:0,(anonymous_2)
FNDA:5,(anonymous_3)
FNDA:2,(anonymous_4)
FNDA:2,(anonymous_5)
DA:1,3
DA:3,18
DA:5,3
DA:7,3
DA:8,9
DA:9,1
DA:15,1
DA:19,3
DA:20,0
DA:21,5
DA:22,2
DA:23,2
LF:12
LH:11
BRDA:5,0,0,3
BRDA:5,0,1,0
BRDA:7,1,0,7
BRDA:8,2,0,1
BRDA:8,2,1,8
BRF:5
BRH:4
end_of_record
